TN:
SF:src/agents/agent-factory.ts
FN:8,createAgent
FNF:1
FNH:0
FNDA:0,createAgent
DA:9,0
DA:11,0
DA:12,0
DA:15,0
DA:16,0
DA:19,0
DA:20,0
DA:23,0
LF:8
LH:0
BRDA:9,0,0,0
BRDA:9,0,1,0
BRDA:9,0,2,0
BRDA:9,0,3,0
BRF:4
BRH:0
end_of_record
TN:
SF:src/agents/claude-agent.ts
FN:45,writeTempPrompt
FN:58,(anonymous_1)
FN:62,(anonymous_2)
FN:87,(anonymous_3)
FN:95,(anonymous_4)
FN:99,(anonymous_5)
FN:113,(anonymous_6)
FN:118,(anonymous_7)
FN:136,(anonymous_8)
FN:155,(anonymous_9)
FN:162,(anonymous_10)
FN:192,(anonymous_11)
FN:199,(anonymous_12)
FNF:13
FNH:0
FNDA:0,writeTempPrompt
FNDA:0,(anonymous_1)
FNDA:0,(anonymous_2)
FNDA:0,(anonymous_3)
FNDA:0,(anonymous_4)
FNDA:0,(anonymous_5)
FNDA:0,(anonymous_6)
FNDA:0,(anonymous_7)
FNDA:0,(anonymous_8)
FNDA:0,(anonymous_9)
FNDA:0,(anonymous_10)
FNDA:0,(anonymous_11)
FNDA:0,(anonymous_12)
DA:29,0
DA:31,0
DA:46,0
DA:47,0
DA:48,0
DA:56,0
DA:59,0
DA:63,0
DA:65,0
DA:66,0
DA:68,0
DA:69,0
DA:70,0
DA:71,0
DA:74,0
DA:77,0
DA:78,0
DA:80,0
DA:81,0
DA:82,0
DA:85,0
DA:87,0
DA:99,0
DA:100,0
DA:102,0
DA:108,0
DA:109,0
DA:111,0
DA:113,0
DA:114,0
DA:115,0
DA:118,0
DA:119,0
DA:120,0
DA:124,0
DA:125,0
DA:127,0
DA:137,0
DA:148,0
DA:149,0
DA:152,0
DA:156,0
DA:157,0
DA:158,0
DA:159,0
DA:160,0
DA:162,0
DA:163,0
DA:164,0
DA:165,0
DA:167,0
DA:168,0
DA:169,0
DA:171,0
DA:172,0
DA:174,0
DA:175,0
DA:176,0
DA:177,0
DA:178,0
DA:179,0
DA:182,0
DA:183,0
DA:186,0
DA:192,0
DA:193,0
DA:196,0
DA:205,0
DA:206,0
DA:209,0
DA:210,0
DA:211,0
DA:213,0
DA:214,0
DA:216,0
DA:217,0
DA:220,0
DA:221,0
DA:222,0
LF:79
LH:0
BRDA:69,0,0,0
BRDA:69,0,1,0
BRDA:80,1,0,0
BRDA:80,1,1,0
BRDA:81,2,0,0
BRDA:81,2,1,0
BRDA:81,3,0,0
BRDA:81,3,1,0
BRDA:129,4,0,0
BRDA:129,4,1,0
BRDA:148,5,0,0
BRDA:148,5,1,0
BRDA:165,6,0,0
BRDA:165,6,1,0
BRDA:169,7,0,0
BRDA:169,7,1,0
BRDA:175,8,0,0
BRDA:175,8,1,0
BRDA:177,9,0,0
BRDA:177,9,1,0
BRDA:178,10,0,0
BRDA:178,10,1,0
BRDA:182,11,0,0
BRDA:182,11,1,0
BRDA:183,12,0,0
BRDA:183,12,1,0
BRDA:205,13,0,0
BRDA:205,13,1,0
BRDA:210,14,0,0
BRDA:210,14,1,0
BRDA:211,15,0,0
BRDA:211,15,1,0
BRDA:213,16,0,0
BRDA:213,16,1,0
BRDA:214,17,0,0
BRDA:214,17,1,0
BRDA:216,18,0,0
BRDA:216,18,1,0
BRDA:220,19,0,0
BRDA:220,19,1,0
BRDA:222,20,0,0
BRDA:222,20,1,0
BRF:42
BRH:0
end_of_record
TN:
SF:src/agents/codex-agent.ts
FN:23,(anonymous_0)
FN:27,(anonymous_1)
FN:53,(anonymous_2)
FN:57,(anonymous_3)
FN:61,(anonymous_4)
FN:76,(anonymous_5)
FN:81,(anonymous_6)
FN:102,(anonymous_7)
FN:110,(anonymous_8)
FN:116,(anonymous_9)
FN:149,(anonymous_10)
FNF:11
FNH:0
FNDA:0,(anonymous_0)
FNDA:0,(anonymous_1)
FNDA:0,(anonymous_2)
FNDA:0,(anonymous_3)
FNDA:0,(anonymous_4)
FNDA:0,(anonymous_5)
FNDA:0,(anonymous_6)
FNDA:0,(anonymous_7)
FNDA:0,(anonymous_8)
FNDA:0,(anonymous_9)
FNDA:0,(anonymous_10)
DA:21,0
DA:24,0
DA:28,0
DA:29,0
DA:31,0
DA:32,0
DA:34,0
DA:35,0
DA:36,0
DA:37,0
DA:40,0
DA:43,0
DA:44,0
DA:46,0
DA:47,0
DA:48,0
DA:51,0
DA:53,0
DA:61,0
DA:62,0
DA:64,0
DA:71,0
DA:72,0
DA:74,0
DA:76,0
DA:77,0
DA:78,0
DA:81,0
DA:82,0
DA:84,0
DA:85,0
DA:88,0
DA:89,0
DA:90,0
DA:93,0
DA:103,0
DA:104,0
DA:107,0
DA:111,0
DA:112,0
DA:113,0
DA:114,0
DA:116,0
DA:117,0
DA:118,0
DA:119,0
DA:121,0
DA:122,0
DA:123,0
DA:125,0
DA:126,0
DA:128,0
DA:129,0
DA:130,0
DA:131,0
DA:135,0
DA:140,0
DA:143,0
DA:149,0
DA:150,0
DA:153,0
LF:61
LH:0
BRDA:35,0,0,0
BRDA:35,0,1,0
BRDA:46,1,0,0
BRDA:46,1,1,0
BRDA:47,2,0,0
BRDA:47,2,1,0
BRDA:47,3,0,0
BRDA:47,3,1,0
BRDA:84,4,0,0
BRDA:84,4,1,0
BRDA:88,5,0,0
BRDA:88,5,1,0
BRDA:90,6,0,0
BRDA:90,6,1,0
BRDA:95,7,0,0
BRDA:95,7,1,0
BRDA:103,8,0,0
BRDA:103,8,1,0
BRDA:119,9,0,0
BRDA:119,9,1,0
BRDA:123,10,0,0
BRDA:123,10,1,0
BRDA:129,11,0,0
BRDA:129,11,1,0
BRDA:135,12,0,0
BRDA:135,12,1,0
BRDA:136,13,0,0
BRDA:136,13,1,0
BRDA:136,13,2,0
BRF:29
BRH:0
end_of_record
TN:
SF:src/agents/cursor-agent.ts
FN:18,(anonymous_0)
FN:21,(anonymous_1)
FN:22,(anonymous_2)
FN:25,(anonymous_3)
FNF:4
FNH:0
FNDA:0,(anonymous_0)
FNDA:0,(anonymous_1)
FNDA:0,(anonymous_2)
FNDA:0,(anonymous_3)
DA:16,0
DA:20,0
DA:21,0
DA:22,0
DA:26,0
DA:27,0
DA:30,0
DA:31,0
DA:32,0
DA:34,0
DA:36,0
DA:38,0
DA:39,0
DA:49,0
DA:50,0
DA:53,0
DA:54,0
DA:55,0
DA:60,0
LF:19
LH:0
BRDA:31,0,0,0
BRDA:31,0,1,0
BRDA:34,1,0,0
BRDA:34,1,1,0
BRDA:38,2,0,0
BRDA:38,2,1,0
BRDA:49,3,0,0
BRDA:49,3,1,0
BRDA:53,4,0,0
BRDA:53,4,1,0
BRF:10
BRH:0
end_of_record
TN:
SF:src/agents/implementation-bridge.ts
FN:38,executeImplementation
FN:127,resolveTargetSubtasks
FN:164,gatherParentContext
FN:210,buildImplementationPrompt
FN:257,handleDryRun
FN:269,launchAgent
FN:310,markSubtasksDone
FN:320,(anonymous_7)
FN:349,executeFollowUp
FN:398,composeFixPrompt
FNF:10
FNH:0
FNDA:0,executeImplementation
FNDA:0,resolveTargetSubtasks
FNDA:0,gatherParentContext
FNDA:0,buildImplementationPrompt
FNDA:0,handleDryRun
FNDA:0,launchAgent
FNDA:0,markSubtasksDone
FNDA:0,(anonymous_7)
FNDA:0,executeFollowUp
FNDA:0,composeFixPrompt
DA:45,0
DA:46,0
DA:47,0
DA:48,0
DA:49,0
DA:52,0
DA:55,0
DA:57,0
DA:58,0
DA:59,0
DA:60,0
DA:61,0
DA:65,0
DA:66,0
DA:69,0
DA:78,0
DA:88,0
DA:89,0
DA:90,0
DA:94,0
DA:95,0
DA:96,0
DA:99,0
DA:100,0
DA:101,0
DA:102,0
DA:103,0
DA:104,0
DA:105,0
DA:107,0
DA:131,0
DA:132,0
DA:133,0
DA:134,0
DA:135,0
DA:137,0
DA:138,0
DA:141,0
DA:142,0
DA:143,0
DA:144,0
DA:145,0
DA:146,0
DA:147,0
DA:149,0
DA:150,0
DA:151,0
DA:153,0
DA:157,0
DA:158,0
DA:171,0
DA:173,0
DA:174,0
DA:175,0
DA:181,0
DA:182,0
DA:183,0
DA:184,0
DA:187,0
DA:188,0
DA:189,0
DA:190,0
DA:192,0
DA:196,0
DA:197,0
DA:198,0
DA:199,0
DA:200,0
DA:204,0
DA:218,0
DA:222,0
DA:223,0
DA:227,0
DA:229,0
DA:230,0
DA:231,0
DA:233,0
DA:236,0
DA:238,0
DA:241,0
DA:258,0
DA:259,0
DA:260,0
DA:261,0
DA:262,0
DA:274,0
DA:276,0
DA:277,0
DA:278,0
DA:279,0
DA:280,0
DA:281,0
DA:282,0
DA:283,0
DA:284,0
DA:285,0
DA:286,0
DA:287,0
DA:290,0
DA:293,0
DA:294,0
DA:296,0
DA:302,0
DA:303,0
DA:317,0
DA:318,0
DA:320,0
DA:321,0
DA:323,0
DA:325,0
DA:326,0
DA:329,0
DA:330,0
DA:331,0
DA:332,0
DA:355,0
DA:358,0
DA:360,0
DA:364,0
DA:365,0
DA:367,0
DA:368,0
DA:369,0
DA:370,0
DA:373,0
DA:374,0
DA:376,0
DA:383,0
DA:385,0
DA:386,0
DA:387,0
DA:388,0
DA:390,0
DA:399,0
DA:401,0
DA:402,0
DA:406,0
DA:412,0
DA:413,0
DA:414,0
DA:415,0
DA:416,0
DA:418,0
DA:419,0
DA:422,0
DA:423,0
DA:424,0
DA:425,0
DA:426,0
DA:427,0
DA:429,0
LF:151
LH:0
BRDA:45,0,0,0
BRDA:45,0,1,0
BRDA:47,1,0,0
BRDA:47,1,1,0
BRDA:57,2,0,0
BRDA:57,2,1,0
BRDA:66,3,0,0
BRDA:66,3,1,0
BRDA:88,4,0,0
BRDA:88,4,1,0
BRDA:94,5,0,0
BRDA:94,5,1,0
BRDA:94,5,2,0
BRDA:96,6,0,0
BRDA:96,6,1,0
BRDA:99,7,0,0
BRDA:99,7,1,0
BRDA:131,8,0,0
BRDA:131,8,1,0
BRDA:133,9,0,0
BRDA:133,9,1,0
BRDA:141,10,0,0
BRDA:141,10,1,0
BRDA:143,11,0,0
BRDA:143,11,1,0
BRDA:182,12,0,0
BRDA:182,12,1,0
BRDA:183,13,0,0
BRDA:183,13,1,0
BRDA:184,14,0,0
BRDA:184,14,1,0
BRDA:187,15,0,0
BRDA:187,15,1,0
BRDA:189,16,0,0
BRDA:189,16,1,0
BRDA:191,17,0,0
BRDA:191,17,1,0
BRDA:192,18,0,0
BRDA:192,18,1,0
BRDA:196,19,0,0
BRDA:196,19,1,0
BRDA:198,20,0,0
BRDA:198,20,1,0
BRDA:199,21,0,0
BRDA:199,21,1,0
BRDA:200,22,0,0
BRDA:200,22,1,0
BRDA:227,23,0,0
BRDA:227,23,1,0
BRDA:227,24,0,0
BRDA:227,24,1,0
BRDA:233,25,0,0
BRDA:233,25,1,0
BRDA:234,26,0,0
BRDA:234,26,1,0
BRDA:243,27,0,0
BRDA:243,27,1,0
BRDA:277,28,0,0
BRDA:277,28,1,0
BRDA:318,29,0,0
BRDA:318,29,1,0
BRDA:329,30,0,0
BRDA:329,30,1,0
BRDA:332,31,0,0
BRDA:332,31,1,0
BRDA:364,32,0,0
BRDA:364,32,1,0
BRDA:364,32,2,0
BRDA:368,33,0,0
BRDA:368,33,1,0
BRDA:385,34,0,0
BRDA:385,34,1,0
BRDA:406,35,0,0
BRDA:406,35,1,0
BRDA:406,35,2,0
BRDA:406,35,3,0
BRDA:406,35,4,0
BRDA:412,36,0,0
BRDA:412,36,1,0
BRF:79
BRH:0
end_of_record
TN:
SF:src/agents/index.ts
FNF:0
FNH:0
LF:0
LH:0
BRF:0
BRH:0
end_of_record
TN:
SF:src/agents/progress.ts
FN:45,formatElapsed
FN:58,createProgressSpinner
FN:65,(anonymous_2)
FN:90,(anonymous_3)
FN:93,(anonymous_4)
FN:121,describeActivity
FN:154,shortPath
FN:187,describeCodexActivity
FNF:8
FNH:0
FNDA:0,formatElapsed
FNDA:0,createProgressSpinner
FNDA:0,(anonymous_2)
FNDA:0,(anonymous_3)
FNDA:0,(anonymous_4)
FNDA:0,describeActivity
FNDA:0,shortPath
FNDA:0,describeCodexActivity
DA:15,0
DA:17,0
DA:36,0
DA:46,0
DA:47,0
DA:48,0
DA:49,0
DA:59,0
DA:60,0
DA:61,0
DA:62,0
DA:63,0
DA:65,0
DA:66,0
DA:67,0
DA:68,0
DA:71,0
DA:72,0
DA:74,0
DA:75,0
DA:76,0
DA:77,0
DA:79,0
DA:82,0
DA:83,0
DA:86,0
DA:87,0
DA:89,0
DA:91,0
DA:94,0
DA:95,0
DA:122,0
DA:124,0
DA:125,0
DA:127,0
DA:128,0
DA:130,0
DA:132,0
DA:134,0
DA:136,0
DA:137,0
DA:138,0
DA:139,0
DA:142,0
DA:144,0
DA:146,0
DA:150,0
DA:155,0
DA:156,0
DA:157,0
DA:188,0
DA:190,0
DA:191,0
DA:193,0
DA:194,0
DA:195,0
DA:196,0
DA:199,0
DA:200,0
DA:201,0
DA:202,0
DA:204,0
DA:207,0
DA:208,0
DA:210,0
DA:211,0
DA:212,0
DA:215,0
LF:68
LH:0
BRDA:46,0,0,0
BRDA:46,0,1,0
BRDA:49,1,0,0
BRDA:49,1,1,0
BRDA:71,2,0,0
BRDA:71,2,1,0
BRDA:75,3,0,0
BRDA:75,3,1,0
BRDA:79,4,0,0
BRDA:79,4,1,0
BRDA:122,5,0,0
BRDA:122,5,1,0
BRDA:122,6,0,0
BRDA:122,6,1,0
BRDA:125,7,0,0
BRDA:125,7,1,0
BRDA:128,8,0,0
BRDA:128,8,1,0
BRDA:128,8,2,0
BRDA:128,8,3,0
BRDA:128,8,4,0
BRDA:128,8,5,0
BRDA:128,8,6,0
BRDA:136,9,0,0
BRDA:136,9,1,0
BRDA:137,10,0,0
BRDA:137,10,1,0
BRDA:138,11,0,0
BRDA:138,11,1,0
BRDA:155,12,0,0
BRDA:155,12,1,0
BRDA:157,13,0,0
BRDA:157,13,1,0
BRDA:188,14,0,0
BRDA:188,14,1,0
BRDA:190,15,0,0
BRDA:190,15,1,0
BRDA:190,16,0,0
BRDA:190,16,1,0
BRDA:191,17,0,0
BRDA:191,17,1,0
BRDA:194,18,0,0
BRDA:194,18,1,0
BRDA:195,19,0,0
BRDA:195,19,1,0
BRDA:199,20,0,0
BRDA:199,20,1,0
BRDA:199,21,0,0
BRDA:199,21,1,0
BRDA:201,22,0,0
BRDA:201,22,1,0
BRDA:201,23,0,0
BRDA:201,23,1,0
BRDA:201,23,2,0
BRDA:207,24,0,0
BRDA:207,24,1,0
BRDA:207,25,0,0
BRDA:207,25,1,0
BRDA:208,26,0,0
BRDA:208,26,1,0
BRDA:210,27,0,0
BRDA:210,27,1,0
BRDA:211,28,0,0
BRDA:211,28,1,0
BRDA:212,29,0,0
BRDA:212,29,1,0
BRF:66
BRH:0
end_of_record
TN:
SF:src/agents/prompt-composer.ts
FN:33,composeImplementationPrompt
FN:51,(anonymous_1)
FN:61,(anonymous_2)
FN:102,truncate
FNF:4
FNH:0
FNDA:0,composeImplementationPrompt
FNDA:0,(anonymous_1)
FNDA:0,(anonymous_2)
FNDA:0,truncate
DA:34,0
DA:37,0
DA:40,0
DA:41,0
DA:42,0
DA:43,0
DA:44,0
DA:45,0
DA:49,0
DA:50,0
DA:51,0
DA:52,0
DA:53,0
DA:59,0
DA:60,0
DA:61,0
DA:62,0
DA:63,0
DA:64,0
DA:67,0
DA:68,0
DA:69,0
DA:73,0
DA:74,0
DA:75,0
DA:79,0
DA:80,0
DA:81,0
DA:85,0
DA:86,0
DA:87,0
DA:91,0
DA:92,0
DA:93,0
DA:94,0
DA:95,0
DA:96,0
DA:97,0
DA:99,0
DA:103,0
DA:104,0
LF:41
LH:0
BRDA:40,0,0,0
BRDA:40,0,1,0
BRDA:50,1,0,0
BRDA:50,1,1,0
BRDA:52,2,0,0
BRDA:52,2,1,0
BRDA:67,3,0,0
BRDA:67,3,1,0
BRDA:73,4,0,0
BRDA:73,4,1,0
BRDA:79,5,0,0
BRDA:79,5,1,0
BRDA:85,6,0,0
BRDA:85,6,1,0
BRDA:103,7,0,0
BRDA:103,7,1,0
BRF:16
BRH:0
end_of_record
TN:
SF:src/agents/task-parser.ts
FN:23,parseTaskMarkdown
FN:63,findSubtasks
FN:65,(anonymous_2)
FN:71,(anonymous_3)
FN:78,(anonymous_4)
FN:84,getNextPending
FN:91,formatSubtaskList
FN:93,(anonymous_7)
FNF:8
FNH:8
FNDA:9,parseTaskMarkdown
FNDA:5,findSubtasks
FNDA:40,(anonymous_2)
FNDA:8,(anonymous_3)
FNDA:24,(anonymous_4)
FNDA:4,getNextPending
FNDA:3,formatSubtaskList
FNDA:24,(anonymous_7)
DA:24,9
DA:25,9
DA:27,9
DA:29,9
DA:31,155
DA:32,155
DA:34,64
DA:35,64
DA:36,64
DA:37,64
DA:38,64
DA:40,155
DA:41,24
DA:44,64
DA:53,9
DA:65,40
DA:66,5
DA:68,2
DA:69,2
DA:70,1
DA:71,8
DA:73,1
DA:77,3
DA:78,24
DA:85,4
DA:92,3
DA:94,24
DA:95,24
DA:96,24
DA:97,24
LF:30
LH:30
BRDA:32,0,0,91
BRDA:32,0,1,64
BRDA:38,1,0,40
BRDA:38,1,1,24
BRDA:40,2,0,24
BRDA:40,2,1,131
BRDA:48,3,0,24
BRDA:48,3,1,40
BRDA:66,4,0,2
BRDA:66,4,1,3
BRDA:69,5,0,1
BRDA:69,5,1,1
BRDA:85,6,0,4
BRDA:85,6,1,2
BRDA:85,6,2,1
BRDA:94,7,0,6
BRDA:94,7,1,18
BRDA:95,8,0,15
BRDA:95,8,1,9
BRDA:96,9,0,1
BRDA:96,9,1,23
BRF:21
BRH:21
end_of_record
TN:
SF:src/agents/types.ts
FNF:0
FNH:0
LF:0
LH:0
BRF:0
BRH:0
end_of_record
TN:
SF:src/agents/utils.ts
FN:15,which
FN:45,isRetryableError
FN:47,(anonymous_2)
FN:50,sleep
FN:51,(anonymous_4)
FNF:5
FNH:0
FNDA:0,which
FNDA:0,isRetryableError
FNDA:0,(anonymous_2)
FNDA:0,sleep
FNDA:0,(anonymous_4)
DA:9,0
DA:16,0
DA:17,0
DA:18,0
DA:19,0
DA:21,0
DA:22,0
DA:30,0
DA:31,0
DA:34,0
DA:46,0
DA:47,0
DA:51,0
LF:13
LH:0
BRDA:17,0,0,0
BRDA:17,0,1,0
BRDA:19,1,0,0
BRDA:19,1,1,0
BRF:4
BRH:0
end_of_record
TN:
SF:src/ai/errors.ts
FN:17,(anonymous_0)
FN:29,(anonymous_1)
FN:51,wrapProviderError
FNF:3
FNH:3
FNDA:32,(anonymous_0)
FNDA:9,(anonymous_1)
FNDA:13,wrapProviderError
DA:19,32
DA:20,32
DA:21,32
DA:22,32
DA:24,32
DA:25,32
DA:30,9
DA:32,4
DA:34,1
DA:36,1
DA:38,1
DA:40,1
DA:42,1
DA:52,13
DA:54,12
DA:55,12
DA:56,13
DA:57,13
DA:60,13
DA:62,4
DA:65,4
DA:69,8
DA:70,2
DA:72,6
DA:73,2
DA:74,2
DA:75,2
DA:77,4
DA:78,2
DA:81,2
LF:30
LH:30
BRDA:20,0,0,32
BRDA:30,1,0,4
BRDA:30,1,1,1
BRDA:30,1,2,1
BRDA:30,1,3,1
BRDA:30,1,4,1
BRDA:30,1,5,1
BRDA:52,2,0,1
BRDA:52,2,1,12
BRDA:57,3,0,13
BRDA:57,3,1,1
BRDA:60,4,0,4
BRDA:60,4,1,9
BRDA:60,5,0,13
BRDA:60,5,1,10
BRDA:60,5,2,9
BRDA:62,6,0,1
BRDA:62,6,1,3
BRDA:69,7,0,2
BRDA:69,7,1,6
BRDA:69,8,0,8
BRDA:69,8,1,7
BRDA:72,9,0,2
BRDA:72,9,1,4
BRDA:74,10,0,1
BRDA:74,10,1,1
BRDA:77,11,0,2
BRDA:77,11,1,2
BRDA:77,12,0,4
BRDA:77,12,1,3
BRF:30
BRH:30
end_of_record
TN:
SF:src/ai/index.ts
FNF:0
FNH:0
LF:0
LH:0
BRF:0
BRH:0
end_of_record
TN:
SF:src/ai/provider-factory.ts
FN:12,createAIProvider
FNF:1
FNH:1
FNDA:6,createAIProvider
DA:13,6
DA:15,2
DA:16,1
DA:21,1
DA:22,1
DA:26,2
DA:27,1
DA:32,1
DA:33,1
DA:37,1
DA:38,1
DA:42,1
LF:12
LH:12
BRDA:13,0,0,2
BRDA:13,0,1,2
BRDA:13,0,2,1
BRDA:13,0,3,1
BRDA:15,1,0,1
BRDA:15,1,1,1
BRDA:26,2,0,1
BRDA:26,2,1,1
BRF:8
BRH:8
end_of_record
TN:
SF:src/ai/types.ts
FNF:0
FNH:0
DA:42,2
DA:48,2
DA:85,2
DA:91,2
LF:4
LH:4
BRF:0
BRH:0
end_of_record
TN:
SF:src/ai/codebase/context-builder.ts
FN:100,findArchitectureFiles
FN:126,buildSourceInventory
FN:133,(anonymous_2)
FN:134,(anonymous_3)
FN:146,(anonymous_4)
FN:155,(anonymous_5)
FN:173,(anonymous_6)
FN:174,(anonymous_7)
FN:198,buildCodebaseContext
FN:217,(anonymous_9)
FN:236,formatCodebaseContext
FN:260,(anonymous_11)
FN:316,extractKeywords
FNF:13
FNH:0
FNDA:0,findArchitectureFiles
FNDA:0,buildSourceInventory
FNDA:0,(anonymous_2)
FNDA:0,(anonymous_3)
FNDA:0,(anonymous_4)
FNDA:0,(anonymous_5)
FNDA:0,(anonymous_6)
FNDA:0,(anonymous_7)
FNDA:0,buildCodebaseContext
FNDA:0,(anonymous_9)
FNDA:0,formatCodebaseContext
FNDA:0,(anonymous_11)
FNDA:0,extractKeywords
DA:21,0
DA:53,0
DA:101,0
DA:103,0
DA:104,0
DA:105,0
DA:106,0
DA:107,0
DA:108,0
DA:109,0
DA:114,0
DA:128,0
DA:129,0
DA:130,0
DA:131,0
DA:132,0
DA:133,0
DA:134,0
DA:136,0
DA:137,0
DA:141,0
DA:142,0
DA:143,0
DA:144,0
DA:145,0
DA:146,0
DA:147,0
DA:149,0
DA:150,0
DA:151,0
DA:155,0
DA:156,0
DA:158,0
DA:161,0
DA:162,0
DA:166,0
DA:168,0
DA:169,0
DA:170,0
DA:171,0
DA:172,0
DA:173,0
DA:174,0
DA:176,0
DA:177,0
DA:180,0
DA:185,0
DA:203,0
DA:213,0
DA:216,0
DA:217,0
DA:219,0
DA:221,0
DA:237,0
DA:240,0
DA:241,0
DA:245,0
DA:246,0
DA:250,0
DA:251,0
DA:252,0
DA:253,0
DA:255,0
DA:259,0
DA:260,0
DA:262,0
DA:264,0
DA:268,0
DA:269,0
DA:275,0
DA:276,0
DA:277,0
DA:279,0
DA:282,0
DA:286,0
DA:287,0
DA:288,0
DA:289,0
DA:291,0
DA:296,0
DA:297,0
DA:299,0
DA:301,0
DA:303,0
DA:305,0
DA:306,0
DA:309,0
DA:317,0
DA:320,0
DA:321,0
DA:322,0
DA:323,0
DA:327,0
DA:328,0
DA:329,0
DA:333,0
DA:334,0
DA:335,0
DA:336,0
DA:337,0
DA:341,0
LF:101
LH:0
BRDA:106,0,0,0
BRDA:106,0,1,0
BRDA:133,1,0,0
BRDA:133,1,1,0
BRDA:146,2,0,0
BRDA:146,2,1,0
BRDA:147,3,0,0
BRDA:147,3,1,0
BRDA:150,4,0,0
BRDA:150,4,1,0
BRDA:150,5,0,0
BRDA:150,5,1,0
BRDA:155,6,0,0
BRDA:155,6,1,0
BRDA:156,7,0,0
BRDA:156,7,1,0
BRDA:173,8,0,0
BRDA:173,8,1,0
BRDA:176,9,0,0
BRDA:176,9,1,0
BRDA:200,10,0,0
BRDA:240,11,0,0
BRDA:240,11,1,0
BRDA:245,12,0,0
BRDA:245,12,1,0
BRDA:250,13,0,0
BRDA:250,13,1,0
BRDA:259,14,0,0
BRDA:259,14,1,0
BRDA:268,15,0,0
BRDA:268,15,1,0
BRDA:275,16,0,0
BRDA:275,16,1,0
BRDA:279,17,0,0
BRDA:279,17,1,0
BRDA:286,18,0,0
BRDA:286,18,1,0
BRDA:297,19,0,0
BRDA:297,19,1,0
BRDA:301,20,0,0
BRDA:301,20,1,0
BRDA:305,21,0,0
BRDA:305,21,1,0
BRDA:320,22,0,0
BRDA:320,22,1,0
BRDA:327,23,0,0
BRDA:327,23,1,0
BRDA:333,24,0,0
BRDA:333,24,1,0
BRDA:336,25,0,0
BRDA:336,25,1,0
BRDA:336,26,0,0
BRDA:336,26,1,0
BRF:53
BRH:0
end_of_record
TN:
SF:src/ai/codebase/file-reader.ts
FN:63,readProjectFile
FN:83,findRelatedFiles
FN:90,(anonymous_2)
FN:97,searchDir
FN:131,(anonymous_4)
FN:143,isSourceFile
FN:152,readFileSnippets
FNF:7
FNH:1
FNDA:4,readProjectFile
FNDA:0,findRelatedFiles
FNDA:0,(anonymous_2)
FNDA:0,searchDir
FNDA:0,(anonymous_4)
FNDA:0,isSourceFile
FNDA:0,readFileSnippets
DA:12,1
DA:13,1
DA:15,1
DA:45,1
DA:67,4
DA:69,4
DA:70,4
DA:71,3
DA:72,3
DA:74,1
DA:75,1
DA:88,0
DA:90,0
DA:91,0
DA:93,0
DA:94,0
DA:105,0
DA:108,0
DA:109,0
DA:111,0
DA:112,0
DA:115,0
DA:116,0
DA:117,0
DA:119,0
DA:121,0
DA:122,0
DA:124,0
DA:125,0
DA:126,0
DA:127,0
DA:128,0
DA:129,0
DA:131,0
DA:132,0
DA:133,0
DA:137,0
DA:144,0
DA:145,0
DA:157,0
DA:158,0
DA:160,0
DA:161,0
DA:163,0
DA:164,0
DA:166,0
DA:167,0
DA:168,0
DA:171,0
LF:49
LH:11
BRDA:71,0,0,0
BRDA:71,0,1,3
BRDA:86,1,0,0
BRDA:88,2,0,0
BRDA:88,2,1,0
BRDA:105,3,0,0
BRDA:105,3,1,0
BRDA:105,4,0,0
BRDA:105,4,1,0
BRDA:116,5,0,0
BRDA:116,5,1,0
BRDA:117,6,0,0
BRDA:117,6,1,0
BRDA:117,7,0,0
BRDA:117,7,1,0
BRDA:124,8,0,0
BRDA:124,8,1,0
BRDA:126,9,0,0
BRDA:126,9,1,0
BRDA:131,10,0,0
BRDA:131,10,1,0
BRDA:132,11,0,0
BRDA:132,11,1,0
BRDA:155,12,0,0
BRDA:161,13,0,0
BRDA:161,13,1,0
BRDA:164,14,0,0
BRDA:164,14,1,0
BRF:28
BRH:1
end_of_record
TN:
SF:src/ai/codebase/index.ts
FNF:0
FNH:0
LF:0
LH:0
BRF:0
BRH:0
end_of_record
TN:
SF:src/ai/codebase/pattern-rules.ts
FN:31,extractExportedFunctions
FN:32,(anonymous_1)
FN:36,extractExportedTypes
FN:37,(anonymous_3)
FN:41,countInventoryMatches
FN:65,detectGenericCRUD
FN:70,(anonymous_6)
FN:78,(anonymous_7)
FN:95,detectCommandRegistration
FN:99,(anonymous_9)
FN:116,detectCentralTypes
FN:143,detectIDGeneration
FN:145,(anonymous_12)
FN:166,detectTemplateRendering
FN:167,(anonymous_14)
FN:170,(anonymous_15)
FN:176,(anonymous_16)
FN:193,detectPatternRules
FNF:18
FNH:18
FNDA:24,extractExportedFunctions
FNDA:26,(anonymous_1)
FNDA:12,extractExportedTypes
FNDA:8,(anonymous_3)
FNDA:1,countInventoryMatches
FNDA:12,detectGenericCRUD
FNDA:13,(anonymous_6)
FNDA:7,(anonymous_7)
FNDA:12,detectCommandRegistration
FNDA:6,(anonymous_9)
FNDA:12,detectCentralTypes
FNDA:12,detectIDGeneration
FNDA:12,(anonymous_12)
FNDA:12,detectTemplateRendering
FNDA:12,(anonymous_14)
FNDA:2,(anonymous_15)
FNDA:2,(anonymous_16)
FNDA:12,detectPatternRules
DA:32,26
DA:37,12
DA:42,1
DA:43,1
DA:44,1
DA:45,1
DA:46,1
DA:47,1
DA:48,2
DA:51,1
DA:66,12
DA:67,12
DA:69,7
DA:70,13
DA:71,7
DA:76,3
DA:77,3
DA:78,7
DA:79,3
DA:81,2
DA:96,12
DA:97,12
DA:99,6
DA:101,2
DA:121,12
DA:122,12
DA:125,1
DA:127,1
DA:129,1
DA:144,12
DA:145,12
DA:146,12
DA:149,3
DA:150,3
DA:152,2
DA:167,12
DA:168,12
DA:170,2
DA:171,2
DA:173,2
DA:176,2
DA:197,12
DA:199,12
DA:201,12
DA:204,12
DA:205,12
DA:207,12
DA:208,12
DA:210,12
DA:211,12
DA:213,12
DA:214,12
DA:218,12
DA:219,12
DA:221,12
LF:55
LH:55
BRDA:45,0,0,0
BRDA:45,0,1,1
BRDA:48,1,0,1
BRDA:48,1,1,1
BRDA:67,2,0,5
BRDA:67,2,1,7
BRDA:71,3,0,4
BRDA:71,3,1,3
BRDA:78,4,0,7
BRDA:78,4,1,7
BRDA:79,5,0,1
BRDA:79,5,1,2
BRDA:97,6,0,10
BRDA:97,6,1,2
BRDA:97,7,0,12
BRDA:97,7,1,3
BRDA:122,8,0,11
BRDA:122,8,1,1
BRDA:127,9,0,0
BRDA:127,9,1,1
BRDA:145,10,0,12
BRDA:145,10,1,3
BRDA:146,11,0,9
BRDA:146,11,1,3
BRDA:150,12,0,1
BRDA:150,12,1,2
BRDA:168,13,0,10
BRDA:168,13,1,2
BRDA:171,14,0,0
BRDA:171,14,1,2
BRDA:205,15,0,2
BRDA:205,15,1,10
BRDA:208,16,0,2
BRDA:208,16,1,10
BRDA:211,17,0,1
BRDA:211,17,1,11
BRDA:214,18,0,2
BRDA:214,18,1,10
BRDA:219,19,0,2
BRDA:219,19,1,10
BRF:40
BRH:37
end_of_record
TN:
SF:src/ai/codebase/rules-reader.ts
FN:19,readProjectRules
FNF:1
FNH:1
FNDA:4,readProjectRules
DA:12,1
DA:20,4
DA:21,4
DA:22,3
DA:23,3
DA:24,3
LF:6
LH:6
BRDA:21,0,0,1
BRDA:21,0,1,3
BRDA:23,1,0,0
BRDA:23,1,1,3
BRF:4
BRH:3
end_of_record
TN:
SF:src/ai/codebase/stack-detector.ts
FN:29,(anonymous_0)
FN:66,(anonymous_1)
FN:68,(anonymous_2)
FN:71,(anonymous_3)
FN:73,(anonymous_4)
FN:75,(anonymous_5)
FN:86,(anonymous_6)
FN:89,(anonymous_7)
FN:90,(anonymous_8)
FN:94,(anonymous_9)
FN:96,(anonymous_10)
FN:98,(anonymous_11)
FN:109,(anonymous_12)
FN:111,(anonymous_13)
FN:115,(anonymous_14)
FN:117,(anonymous_15)
FN:119,(anonymous_16)
FN:130,(anonymous_17)
FN:132,(anonymous_18)
FN:133,(anonymous_19)
FN:137,(anonymous_20)
FN:139,(anonymous_21)
FN:141,(anonymous_22)
FN:152,detectTechStack
FN:168,formatTechStack
FNF:25
FNH:0
FNDA:0,(anonymous_0)
FNDA:0,(anonymous_1)
FNDA:0,(anonymous_2)
FNDA:0,(anonymous_3)
FNDA:0,(anonymous_4)
FNDA:0,(anonymous_5)
FNDA:0,(anonymous_6)
FNDA:0,(anonymous_7)
FNDA:0,(anonymous_8)
FNDA:0,(anonymous_9)
FNDA:0,(anonymous_10)
FNDA:0,(anonymous_11)
FNDA:0,(anonymous_12)
FNDA:0,(anonymous_13)
FNDA:0,(anonymous_14)
FNDA:0,(anonymous_15)
FNDA:0,(anonymous_16)
FNDA:0,(anonymous_17)
FNDA:0,(anonymous_18)
FNDA:0,(anonymous_19)
FNDA:0,(anonymous_20)
FNDA:0,(anonymous_21)
FNDA:0,(anonymous_22)
FNDA:0,detectTechStack
FNDA:0,formatTechStack
DA:26,0
DA:30,0
DA:31,0
DA:32,0
DA:33,0
DA:36,0
DA:37,0
DA:38,0
DA:39,0
DA:40,0
DA:41,0
DA:42,0
DA:43,0
DA:44,0
DA:45,0
DA:47,0
DA:48,0
DA:50,0
DA:51,0
DA:52,0
DA:53,0
DA:55,0
DA:67,0
DA:68,0
DA:69,0
DA:71,0
DA:73,0
DA:75,0
DA:87,0
DA:89,0
DA:90,0
DA:92,0
DA:94,0
DA:96,0
DA:98,0
DA:110,0
DA:111,0
DA:113,0
DA:115,0
DA:117,0
DA:119,0
DA:131,0
DA:132,0
DA:133,0
DA:135,0
DA:137,0
DA:139,0
DA:141,0
DA:153,0
DA:154,0
DA:155,0
DA:156,0
DA:157,0
DA:158,0
DA:160,0
DA:164,0
DA:169,0
DA:170,0
DA:171,0
DA:172,0
DA:173,0
DA:174,0
DA:176,0
LF:63
LH:0
BRDA:31,0,0,0
BRDA:31,0,1,0
BRDA:32,1,0,0
BRDA:32,1,1,0
BRDA:36,2,0,0
BRDA:36,2,1,0
BRDA:37,3,0,0
BRDA:37,3,1,0
BRDA:38,4,0,0
BRDA:38,4,1,0
BRDA:39,5,0,0
BRDA:39,5,1,0
BRDA:40,6,0,0
BRDA:40,6,1,0
BRDA:41,7,0,0
BRDA:41,7,1,0
BRDA:42,8,0,0
BRDA:42,8,1,0
BRDA:43,9,0,0
BRDA:43,9,1,0
BRDA:44,10,0,0
BRDA:44,10,1,0
BRDA:45,11,0,0
BRDA:45,11,1,0
BRDA:48,12,0,0
BRDA:48,12,1,0
BRDA:51,13,0,0
BRDA:51,13,1,0
BRDA:52,14,0,0
BRDA:52,14,1,0
BRDA:53,15,0,0
BRDA:53,15,1,0
BRDA:71,16,0,0
BRDA:71,16,1,0
BRDA:73,17,0,0
BRDA:73,17,1,0
BRDA:75,18,0,0
BRDA:75,18,1,0
BRDA:89,19,0,0
BRDA:89,19,1,0
BRDA:94,20,0,0
BRDA:94,20,1,0
BRDA:96,21,0,0
BRDA:96,21,1,0
BRDA:98,22,0,0
BRDA:98,22,1,0
BRDA:115,23,0,0
BRDA:115,23,1,0
BRDA:117,24,0,0
BRDA:117,24,1,0
BRDA:119,25,0,0
BRDA:119,25,1,0
BRDA:122,26,0,0
BRDA:122,26,1,0
BRDA:133,27,0,0
BRDA:133,27,1,0
BRDA:133,27,2,0
BRDA:137,28,0,0
BRDA:137,28,1,0
BRDA:139,29,0,0
BRDA:139,29,1,0
BRDA:141,30,0,0
BRDA:141,30,1,0
BRDA:155,31,0,0
BRDA:155,31,1,0
BRDA:171,32,0,0
BRDA:171,32,1,0
BRDA:172,33,0,0
BRDA:172,33,1,0
BRDA:173,34,0,0
BRDA:173,34,1,0
BRF:71
BRH:0
end_of_record
TN:
SF:src/ai/codebase/tree-generator.ts
FN:38,generateFolderTree
FN:50,walkDir
FN:68,(anonymous_2)
FNF:3
FNH:0
FNDA:0,generateFolderTree
FNDA:0,walkDir
FNDA:0,(anonymous_2)
DA:12,0
DA:36,0
DA:42,0
DA:43,0
DA:44,0
DA:46,0
DA:47,0
DA:57,0
DA:60,0
DA:61,0
DA:63,0
DA:64,0
DA:68,0
DA:69,0
DA:72,0
DA:73,0
DA:75,0
DA:76,0
DA:77,0
DA:78,0
DA:79,0
DA:80,0
DA:82,0
DA:87,0
DA:88,0
DA:90,0
DA:91,0
DA:92,0
DA:93,0
DA:94,0
DA:95,0
DA:97,0
DA:99,0
DA:100,0
LF:34
LH:0
BRDA:40,0,0,0
BRDA:57,1,0,0
BRDA:57,1,1,0
BRDA:69,2,0,0
BRDA:69,2,1,0
BRDA:69,2,2,0
BRDA:79,3,0,0
BRDA:79,3,1,0
BRDA:93,4,0,0
BRDA:93,4,1,0
BRDA:94,5,0,0
BRDA:94,5,1,0
BRDA:97,6,0,0
BRDA:97,6,1,0
BRDA:99,7,0,0
BRDA:99,7,1,0
BRF:16
BRH:0
end_of_record
TN:
SF:src/ai/prompts/prompt-builder.ts
FN:28,buildEpicPrompt
FN:39,(anonymous_1)
FN:48,buildFeaturesPrompt
FN:60,(anonymous_3)
FN:69,buildStoriesPrompt
FN:78,(anonymous_5)
FN:98,buildTasksPrompt
FN:153,buildQuickTasksPrompt
FN:173,buildEstimatePrompt
FN:190,buildBacklogPrioritizePrompt
FN:201,(anonymous_10)
FN:219,buildSprintAutoSelectPrompt
FN:225,(anonymous_12)
FN:240,buildRefinePrompt
FNF:14
FNH:8
FNDA:4,buildEpicPrompt
FNDA:2,(anonymous_1)
FNDA:4,buildFeaturesPrompt
FNDA:2,(anonymous_3)
FNDA:3,buildStoriesPrompt
FNDA:1,(anonymous_5)
FNDA:9,buildTasksPrompt
FNDA:0,buildQuickTasksPrompt
FNDA:0,buildEstimatePrompt
FNDA:0,buildBacklogPrioritizePrompt
FNDA:0,(anonymous_10)
FNDA:0,buildSprintAutoSelectPrompt
FNDA:0,(anonymous_12)
FNDA:2,buildRefinePrompt
DA:26,1
DA:29,4
DA:32,4
DA:33,0
DA:35,4
DA:38,4
DA:39,2
DA:42,4
DA:53,4
DA:55,4
DA:56,1
DA:59,4
DA:60,2
DA:63,4
DA:74,3
DA:75,3
DA:77,3
DA:78,1
DA:81,3
DA:99,9
DA:102,9
DA:103,9
DA:104,11
DA:108,9
DA:109,1
DA:110,1
DA:111,1
DA:116,9
DA:117,1
DA:121,9
DA:122,1
DA:126,9
DA:127,1
DA:128,1
DA:129,1
DA:134,9
DA:135,1
DA:139,9
DA:140,1
DA:145,9
DA:147,9
DA:154,0
DA:157,0
DA:158,0
DA:160,0
DA:163,0
DA:164,0
DA:167,0
DA:178,0
DA:180,0
DA:181,0
DA:184,0
DA:200,0
DA:203,0
DA:207,0
DA:209,0
DA:210,0
DA:213,0
DA:224,0
DA:225,0
DA:228,0
DA:230,0
DA:231,0
DA:234,0
DA:245,2
DA:247,2
DA:248,0
DA:249,0
DA:252,2
LF:69
LH:43
BRDA:28,0,0,4
BRDA:32,1,0,0
BRDA:32,1,1,4
BRDA:38,2,0,1
BRDA:38,2,1,3
BRDA:50,3,0,4
BRDA:55,4,0,1
BRDA:55,4,1,3
BRDA:59,5,0,1
BRDA:59,5,1,3
BRDA:72,6,0,3
BRDA:77,7,0,1
BRDA:77,7,1,2
BRDA:108,8,0,1
BRDA:108,8,1,8
BRDA:108,9,0,9
BRDA:108,9,1,1
BRDA:116,10,0,1
BRDA:116,10,1,8
BRDA:121,11,0,1
BRDA:121,11,1,8
BRDA:126,12,0,1
BRDA:126,12,1,8
BRDA:126,13,0,9
BRDA:126,13,1,1
BRDA:134,14,0,1
BRDA:134,14,1,8
BRDA:139,15,0,1
BRDA:139,15,1,8
BRDA:157,16,0,0
BRDA:157,16,1,0
BRDA:163,17,0,0
BRDA:163,17,1,0
BRDA:180,18,0,0
BRDA:180,18,1,0
BRDA:203,19,0,0
BRDA:203,19,1,0
BRDA:209,20,0,0
BRDA:209,20,1,0
BRDA:225,21,0,0
BRDA:225,21,1,0
BRDA:230,22,0,0
BRDA:230,22,1,0
BRDA:247,23,0,0
BRDA:247,23,1,2
BRF:45
BRH:29
end_of_record
TN:
SF:src/ai/prompts/system-prompts.ts
FNF:0
FNH:0
DA:9,1
DA:11,1
DA:31,1
DA:52,1
DA:76,1
DA:119,1
DA:154,1
DA:197,1
DA:221,1
DA:239,1
LF:10
LH:10
BRF:0
BRH:0
end_of_record
TN:
SF:src/ai/providers/anthropic-provider.ts
FN:19,(anonymous_0)
FN:24,(anonymous_1)
FN:29,(anonymous_2)
FN:39,(anonymous_3)
FN:62,(anonymous_4)
FN:72,(anonymous_5)
FN:85,(anonymous_6)
FN:86,(anonymous_7)
FN:96,(anonymous_8)
FN:104,(anonymous_9)
FN:108,(anonymous_10)
FN:109,(anonymous_11)
FNF:12
FNH:0
FNDA:0,(anonymous_0)
FNDA:0,(anonymous_1)
FNDA:0,(anonymous_2)
FNDA:0,(anonymous_3)
FNDA:0,(anonymous_4)
FNDA:0,(anonymous_5)
FNDA:0,(anonymous_6)
FNDA:0,(anonymous_7)
FNDA:0,(anonymous_8)
FNDA:0,(anonymous_9)
FNDA:0,(anonymous_10)
FNDA:0,(anonymous_11)
DA:13,0
DA:20,0
DA:21,0
DA:25,0
DA:26,0
DA:30,0
DA:31,0
DA:33,0
DA:34,0
DA:39,0
DA:45,0
DA:46,0
DA:47,0
DA:51,0
DA:52,0
DA:58,0
DA:63,0
DA:64,0
DA:66,0
DA:67,0
DA:72,0
DA:78,0
DA:84,0
DA:85,0
DA:87,0
DA:88,0
DA:92,0
DA:97,0
DA:108,0
DA:109,0
DA:110,0
LF:31
LH:0
BRDA:20,0,0,0
BRDA:20,0,1,0
BRDA:36,1,0,0
BRDA:36,1,1,0
BRDA:37,2,0,0
BRDA:37,2,1,0
BRDA:38,3,0,0
BRDA:38,3,1,0
BRDA:46,4,0,0
BRDA:46,4,1,0
BRDA:46,5,0,0
BRDA:46,5,1,0
BRDA:69,6,0,0
BRDA:69,6,1,0
BRDA:70,7,0,0
BRDA:70,7,1,0
BRDA:71,8,0,0
BRDA:71,8,1,0
BRDA:87,9,0,0
BRDA:87,9,1,0
BRDA:110,10,0,0
BRDA:110,10,1,0
BRF:22
BRH:0
end_of_record
TN:
SF:src/ai/providers/ollama-provider.ts
FN:16,(anonymous_0)
FNF:1
FNH:0
FNDA:0,(anonymous_0)
DA:11,0
DA:14,0
DA:17,0
LF:3
LH:0
BRDA:19,0,0,0
BRDA:19,0,1,0
BRDA:20,1,0,0
BRDA:20,1,1,0
BRF:4
BRH:0
end_of_record
TN:
SF:src/ai/providers/openai-provider.ts
FN:19,(anonymous_0)
FN:24,(anonymous_1)
FN:29,(anonymous_2)
FN:39,(anonymous_3)
FN:64,(anonymous_4)
FN:72,(anonymous_5)
FN:91,(anonymous_6)
FNF:7
FNH:0
FNDA:0,(anonymous_0)
FNDA:0,(anonymous_1)
FNDA:0,(anonymous_2)
FNDA:0,(anonymous_3)
FNDA:0,(anonymous_4)
FNDA:0,(anonymous_5)
FNDA:0,(anonymous_6)
DA:13,0
DA:20,0
DA:21,0
DA:25,0
DA:26,0
DA:30,0
DA:32,0
DA:33,0
DA:39,0
DA:43,0
DA:44,0
DA:45,0
DA:46,0
DA:47,0
DA:48,0
DA:51,0
DA:52,0
DA:60,0
DA:65,0
DA:67,0
DA:68,0
DA:72,0
DA:76,0
DA:77,0
DA:78,0
DA:85,0
DA:87,0
DA:92,0
LF:28
LH:0
BRDA:20,0,0,0
BRDA:20,0,1,0
BRDA:37,1,0,0
BRDA:37,1,1,0
BRDA:38,2,0,0
BRDA:38,2,1,0
BRDA:40,3,0,0
BRDA:40,3,1,0
BRDA:46,4,0,0
BRDA:46,4,1,0
BRDA:47,5,0,0
BRDA:47,5,1,0
BRDA:51,6,0,0
BRDA:51,6,1,0
BRDA:53,7,0,0
BRDA:53,7,1,0
BRDA:54,8,0,0
BRDA:54,8,1,0
BRDA:70,9,0,0
BRDA:70,9,1,0
BRDA:71,10,0,0
BRDA:71,10,1,0
BRDA:73,11,0,0
BRDA:73,11,1,0
BRDA:77,12,0,0
BRDA:77,12,1,0
BRDA:79,13,0,0
BRDA:79,13,1,0
BRDA:80,14,0,0
BRDA:80,14,1,0
BRDA:85,15,0,0
BRDA:85,15,1,0
BRF:32
BRH:0
end_of_record
TN:
SF:src/ai/schemas/ai-response-schemas.ts
FN:25,(anonymous_0)
FN:28,(anonymous_1)
FN:133,(anonymous_2)
FNF:3
FNH:2
FNDA:1,(anonymous_0)
FNDA:2,(anonymous_1)
FNDA:0,(anonymous_2)
DA:12,1
DA:26,1
DA:28,2
DA:41,1
DA:51,1
DA:59,1
DA:66,1
DA:75,1
DA:83,1
DA:88,1
DA:94,1
DA:100,1
DA:106,1
DA:117,1
DA:127,1
DA:129,1
DA:133,0
DA:147,1
DA:155,1
DA:164,1
DA:174,1
LF:21
LH:20
BRF:0
BRH:0
end_of_record
TN:
SF:src/ai/validation/dependency-chains.ts
FN:22,detectDependencyHints
FN:90,extractImportPaths
FN:91,(anonymous_2)
FN:98,resolveImportToArchFile
FN:127,(anonymous_4)
FNF:5
FNH:5
FNDA:3,detectDependencyHints
FNDA:4,extractImportPaths
FNDA:1,(anonymous_2)
FNDA:1,resolveImportToArchFile
FNDA:2,(anonymous_4)
DA:23,3
DA:24,3
DA:27,2
DA:29,2
DA:30,4
DA:31,4
DA:32,1
DA:33,1
DA:34,1
DA:35,1
DA:41,2
DA:42,2
DA:43,1
DA:44,1
DA:45,1
DA:49,2
DA:50,2
DA:53,2
DA:54,1
DA:55,0
DA:56,0
DA:57,0
DA:58,0
DA:59,0
DA:68,2
DA:69,1
DA:70,1
DA:71,1
DA:72,1
DA:73,1
DA:74,1
DA:82,2
DA:91,4
DA:104,1
DA:107,1
DA:110,1
DA:111,1
DA:112,1
DA:114,1
DA:115,3
DA:116,3
DA:117,1
DA:119,2
DA:123,1
DA:126,1
DA:128,2
DA:129,2
LF:47
LH:42
BRDA:24,0,0,1
BRDA:24,0,1,2
BRDA:33,1,0,1
BRDA:33,1,1,0
BRDA:34,2,0,1
BRDA:34,2,1,0
BRDA:44,3,0,1
BRDA:44,3,1,0
BRDA:54,4,0,0
BRDA:54,4,1,1
BRDA:57,5,0,0
BRDA:57,5,1,0
BRDA:72,6,0,1
BRDA:72,6,1,0
BRDA:104,7,0,0
BRDA:104,7,1,1
BRDA:112,8,0,1
BRDA:112,8,1,0
BRDA:115,9,0,0
BRDA:115,9,1,3
BRDA:116,10,0,1
BRDA:116,10,1,2
BRDA:127,11,0,1
BRDA:127,11,1,0
BRF:24
BRH:13
end_of_record
TN:
SF:src/ai/validation/index.ts
FNF:0
FNH:0
LF:0
LH:0
BRF:0
BRH:0
end_of_record
TN:
SF:src/ai/validation/task-validator.ts
FN:36,validateRelevantFiles
FN:43,(anonymous_1)
FN:69,(anonymous_2)
FN:70,(anonymous_3)
FN:97,parseSourceInventory
FN:120,directoryExistsInInventory
FN:122,(anonymous_6)
FNF:7
FNH:7
FNDA:6,validateRelevantFiles
FNDA:8,(anonymous_1)
FNDA:4,(anonymous_2)
FNDA:4,(anonymous_3)
FNDA:9,parseSourceInventory
FNDA:8,directoryExistsInInventory
FNDA:17,(anonymous_6)
DA:41,6
DA:42,6
DA:43,8
DA:45,6
DA:46,8
DA:49,8
DA:50,2
DA:56,8
DA:57,1
DA:61,8
DA:62,8
DA:63,1
DA:68,6
DA:69,4
DA:70,4
DA:72,2
DA:73,1
DA:79,6
DA:98,9
DA:100,9
DA:101,22
DA:102,22
DA:104,21
DA:105,21
DA:106,21
DA:108,21
DA:109,43
DA:110,43
DA:111,43
DA:116,9
DA:122,8
DA:123,17
DA:124,17
LF:33
LH:33
BRDA:49,0,0,2
BRDA:49,0,1,6
BRDA:49,1,0,8
BRDA:49,1,1,6
BRDA:56,2,0,1
BRDA:56,2,1,7
BRDA:56,3,0,8
BRDA:56,3,1,2
BRDA:62,4,0,1
BRDA:62,4,1,7
BRDA:62,5,0,8
BRDA:62,5,1,8
BRDA:62,5,2,1
BRDA:72,6,0,1
BRDA:72,6,1,1
BRDA:72,7,0,2
BRDA:72,7,1,2
BRDA:102,8,0,1
BRDA:102,8,1,21
BRDA:106,9,0,0
BRDA:106,9,1,21
BRDA:110,10,0,43
BRDA:110,10,1,0
BRDA:124,11,0,17
BRDA:124,11,1,10
BRDA:124,11,2,10
BRF:26
BRH:24
end_of_record
TN:
SF:src/cli/index.ts
FN:34,(anonymous_0)
FNF:1
FNH:0
FNDA:0,(anonymous_0)
DA:24,0
DA:26,0
DA:34,0
DA:35,0
DA:36,0
DA:40,0
DA:41,0
DA:42,0
DA:43,0
DA:44,0
DA:45,0
DA:46,0
DA:47,0
DA:48,0
DA:49,0
DA:50,0
DA:51,0
DA:52,0
DA:53,0
DA:54,0
DA:55,0
DA:56,0
DA:57,0
DA:58,0
DA:59,0
DA:61,0
LF:26
LH:0
BRDA:35,0,0,0
BRDA:35,0,1,0
BRF:2
BRH:0
end_of_record
TN:
SF:src/cli/commands/backlog.ts
FN:37,registerBacklogCommand
FN:49,(anonymous_1)
FN:80,(anonymous_2)
FN:88,(anonymous_3)
FN:91,(anonymous_4)
FN:94,(anonymous_5)
FN:103,(anonymous_6)
FN:114,(anonymous_7)
FN:126,(anonymous_8)
FN:136,(anonymous_9)
FN:184,(anonymous_10)
FN:216,(anonymous_11)
FN:297,(anonymous_12)
FN:331,loadBacklogItems
FN:356,markPromoted
FN:373,validatePriority
FNF:16
FNH:0
FNDA:0,registerBacklogCommand
FNDA:0,(anonymous_1)
FNDA:0,(anonymous_2)
FNDA:0,(anonymous_3)
FNDA:0,(anonymous_4)
FNDA:0,(anonymous_5)
FNDA:0,(anonymous_6)
FNDA:0,(anonymous_7)
FNDA:0,(anonymous_8)
FNDA:0,(anonymous_9)
FNDA:0,(anonymous_10)
FNDA:0,(anonymous_11)
FNDA:0,(anonymous_12)
FNDA:0,loadBacklogItems
FNDA:0,markPromoted
FNDA:0,validatePriority
DA:28,0
DA:30,0
DA:38,0
DA:43,0
DA:50,0
DA:51,0
DA:53,0
DA:54,0
DA:56,0
DA:58,0
DA:66,0
DA:67,0
DA:68,0
DA:74,0
DA:81,0
DA:82,0
DA:84,0
DA:85,0
DA:87,0
DA:88,0
DA:90,0
DA:91,0
DA:93,0
DA:94,0
DA:97,0
DA:98,0
DA:99,0
DA:103,0
DA:104,0
DA:107,0
DA:108,0
DA:110,0
DA:111,0
DA:112,0
DA:114,0
DA:115,0
DA:117,0
DA:123,0
DA:127,0
DA:128,0
DA:130,0
DA:131,0
DA:132,0
DA:135,0
DA:136,0
DA:138,0
DA:139,0
DA:140,0
DA:143,0
DA:144,0
DA:146,0
DA:147,0
DA:148,0
DA:150,0
DA:158,0
DA:159,0
DA:160,0
DA:162,0
DA:163,0
DA:164,0
DA:165,0
DA:166,0
DA:167,0
DA:168,0
DA:171,0
DA:172,0
DA:173,0
DA:175,0
DA:176,0
DA:177,0
DA:178,0
DA:182,0
DA:183,0
DA:184,0
DA:185,0
DA:187,0
DA:188,0
DA:190,0
DA:191,0
DA:192,0
DA:195,0
DA:197,0
DA:198,0
DA:199,0
DA:201,0
DA:209,0
DA:217,0
DA:218,0
DA:220,0
DA:221,0
DA:222,0
DA:225,0
DA:226,0
DA:227,0
DA:228,0
DA:231,0
DA:232,0
DA:234,0
DA:236,0
DA:247,0
DA:248,0
DA:249,0
DA:250,0
DA:251,0
DA:252,0
DA:253,0
DA:254,0
DA:257,0
DA:258,0
DA:259,0
DA:260,0
DA:263,0
DA:279,0
DA:280,0
DA:281,0
DA:283,0
DA:284,0
DA:285,0
DA:286,0
DA:293,0
DA:298,0
DA:299,0
DA:301,0
DA:302,0
DA:303,0
DA:304,0
DA:307,0
DA:308,0
DA:309,0
DA:310,0
DA:313,0
DA:314,0
DA:335,0
DA:336,0
DA:338,0
DA:339,0
DA:340,0
DA:342,0
DA:343,0
DA:353,0
DA:362,0
DA:363,0
DA:365,0
DA:366,0
DA:370,0
DA:374,0
DA:375,0
DA:376,0
DA:377,0
LF:149
LH:0
BRDA:54,0,0,0
BRDA:54,0,1,0
BRDA:56,1,0,0
BRDA:56,1,1,0
BRDA:67,2,0,0
BRDA:67,2,1,0
BRDA:87,3,0,0
BRDA:87,3,1,0
BRDA:90,4,0,0
BRDA:90,4,1,0
BRDA:93,5,0,0
BRDA:93,5,1,0
BRDA:97,6,0,0
BRDA:97,6,1,0
BRDA:104,7,0,0
BRDA:104,7,1,0
BRDA:104,8,0,0
BRDA:104,8,1,0
BRDA:111,9,0,0
BRDA:111,9,1,0
BRDA:114,10,0,0
BRDA:114,10,1,0
BRDA:130,11,0,0
BRDA:130,11,1,0
BRDA:138,12,0,0
BRDA:138,12,1,0
BRDA:163,13,0,0
BRDA:163,13,1,0
BRDA:176,14,0,0
BRDA:176,14,1,0
BRDA:185,15,0,0
BRDA:185,15,1,0
BRDA:185,16,0,0
BRDA:185,16,1,0
BRDA:188,17,0,0
BRDA:188,17,1,0
BRDA:195,18,0,0
BRDA:195,18,1,0
BRDA:198,19,0,0
BRDA:198,19,1,0
BRDA:220,20,0,0
BRDA:220,20,1,0
BRDA:220,21,0,0
BRDA:220,21,1,0
BRDA:226,22,0,0
BRDA:226,22,1,0
BRDA:231,23,0,0
BRDA:231,23,1,0
BRDA:232,24,0,0
BRDA:232,24,1,0
BRDA:234,25,0,0
BRDA:234,25,1,0
BRDA:251,26,0,0
BRDA:251,26,1,0
BRDA:252,27,0,0
BRDA:252,27,1,0
BRDA:258,28,0,0
BRDA:258,28,1,0
BRDA:302,29,0,0
BRDA:302,29,1,0
BRDA:308,30,0,0
BRDA:308,30,1,0
BRDA:340,31,0,0
BRDA:340,31,1,0
BRDA:345,32,0,0
BRDA:345,32,1,0
BRDA:346,33,0,0
BRDA:346,33,1,0
BRDA:347,34,0,0
BRDA:347,34,1,0
BRDA:348,35,0,0
BRDA:348,35,1,0
BRDA:363,36,0,0
BRDA:363,36,1,0
BRDA:375,37,0,0
BRDA:375,37,1,0
BRF:76
BRH:0
end_of_record
TN:
SF:src/cli/commands/checklist.ts
FN:17,registerChecklistCommand
FN:25,(anonymous_1)
FN:51,(anonymous_2)
FN:73,(anonymous_3)
FN:115,(anonymous_4)
FNF:5
FNH:0
FNDA:0,registerChecklistCommand
FNDA:0,(anonymous_1)
FNDA:0,(anonymous_2)
FNDA:0,(anonymous_3)
FNDA:0,(anonymous_4)
DA:18,0
DA:22,0
DA:26,0
DA:27,0
DA:29,0
DA:30,0
DA:31,0
DA:32,0
DA:33,0
DA:36,0
DA:37,0
DA:39,0
DA:40,0
DA:41,0
DA:42,0
DA:43,0
DA:48,0
DA:52,0
DA:53,0
DA:55,0
DA:56,0
DA:57,0
DA:58,0
DA:59,0
DA:62,0
DA:63,0
DA:64,0
DA:67,0
DA:68,0
DA:69,0
DA:70,0
DA:73,0
DA:79,0
DA:83,0
DA:86,0
DA:87,0
DA:88,0
DA:89,0
DA:90,0
DA:91,0
DA:95,0
DA:96,0
DA:97,0
DA:100,0
DA:101,0
DA:102,0
DA:104,0
DA:105,0
DA:106,0
DA:108,0
DA:109,0
DA:112,0
DA:116,0
DA:117,0
DA:118,0
DA:119,0
LF:56
LH:0
BRDA:30,0,0,0
BRDA:30,0,1,0
BRDA:36,1,0,0
BRDA:36,1,1,0
BRDA:40,2,0,0
BRDA:40,2,1,0
BRDA:42,3,0,0
BRDA:42,3,1,0
BRDA:42,4,0,0
BRDA:42,4,1,0
BRDA:56,5,0,0
BRDA:56,5,1,0
BRDA:62,6,0,0
BRDA:62,6,1,0
BRDA:68,7,0,0
BRDA:68,7,1,0
BRDA:90,8,0,0
BRDA:90,8,1,0
BRDA:95,9,0,0
BRDA:95,9,1,0
BRDA:106,10,0,0
BRDA:106,10,1,0
BRDA:106,11,0,0
BRDA:106,11,1,0
BRF:24
BRH:0
end_of_record
TN:
SF:src/cli/commands/config.ts
FN:15,registerConfigCommand
FN:21,(anonymous_1)
FN:63,(anonymous_2)
FN:84,(anonymous_3)
FN:108,(anonymous_4)
FN:126,(anonymous_5)
FNF:6
FNH:0
FNDA:0,registerConfigCommand
FNDA:0,(anonymous_1)
FNDA:0,(anonymous_2)
FNDA:0,(anonymous_3)
FNDA:0,(anonymous_4)
FNDA:0,(anonymous_5)
DA:16,0
DA:18,0
DA:22,0
DA:23,0
DA:25,0
DA:26,0
DA:27,0
DA:28,0
DA:30,0
DA:31,0
DA:32,0
DA:33,0
DA:35,0
DA:36,0
DA:37,0
DA:39,0
DA:44,0
DA:46,0
DA:49,0
DA:50,0
DA:51,0
DA:54,0
DA:55,0
DA:59,0
DA:64,0
DA:65,0
DA:68,0
DA:75,0
DA:76,0
DA:77,0
DA:80,0
DA:86,0
DA:92,0
DA:93,0
DA:94,0
DA:95,0
DA:98,0
DA:100,0
DA:101,0
DA:104,0
DA:109,0
DA:110,0
DA:112,0
DA:113,0
DA:114,0
DA:117,0
DA:118,0
DA:119,0
DA:122,0
DA:127,0
DA:128,0
DA:131,0
DA:138,0
DA:139,0
DA:140,0
LF:55
LH:0
BRDA:30,0,0,0
BRDA:30,0,1,0
BRDA:33,1,0,0
BRDA:33,1,1,0
BRDA:36,2,0,0
BRDA:36,2,1,0
BRDA:39,3,0,0
BRDA:39,3,1,0
BRDA:40,4,0,0
BRDA:40,4,1,0
BRDA:41,5,0,0
BRDA:41,5,1,0
BRDA:54,6,0,0
BRDA:54,6,1,0
BRDA:68,7,0,0
BRDA:68,7,1,0
BRDA:86,8,0,0
BRDA:86,8,1,0
BRDA:93,9,0,0
BRDA:93,9,1,0
BRDA:100,10,0,0
BRDA:100,10,1,0
BRDA:112,11,0,0
BRDA:112,11,1,0
BRDA:131,12,0,0
BRDA:131,12,1,0
BRF:26
BRH:0
end_of_record
TN:
SF:src/cli/commands/epic.ts
FN:24,registerEpicCommand
FN:34,(anonymous_1)
FN:54,(anonymous_2)
FN:84,displayEpic
FN:108,createEpicWithAI
FN:135,(anonymous_5)
FN:240,createEpicManually
FNF:7
FNH:0
FNDA:0,registerEpicCommand
FNDA:0,(anonymous_1)
FNDA:0,(anonymous_2)
FNDA:0,displayEpic
FNDA:0,createEpicWithAI
FNDA:0,(anonymous_5)
FNDA:0,createEpicManually
DA:25,0
DA:27,0
DA:35,0
DA:36,0
DA:37,0
DA:39,0
DA:40,0
DA:42,0
DA:43,0
DA:47,0
DA:51,0
DA:55,0
DA:56,0
DA:57,0
DA:59,0
DA:60,0
DA:61,0
DA:64,0
DA:65,0
DA:66,0
DA:85,0
DA:86,0
DA:87,0
DA:88,0
DA:89,0
DA:90,0
DA:91,0
DA:92,0
DA:93,0
DA:96,0
DA:97,0
DA:99,0
DA:100,0
DA:101,0
DA:103,0
DA:104,0
DA:105,0
DA:113,0
DA:116,0
DA:117,0
DA:118,0
DA:119,0
DA:120,0
DA:121,0
DA:123,0
DA:124,0
DA:125,0
DA:127,0
DA:128,0
DA:130,0
DA:134,0
DA:135,0
DA:137,0
DA:139,0
DA:140,0
DA:141,0
DA:142,0
DA:149,0
DA:152,0
DA:153,0
DA:154,0
DA:161,0
DA:162,0
DA:163,0
DA:166,0
DA:167,0
DA:168,0
DA:174,0
DA:175,0
DA:178,0
DA:179,0
DA:180,0
DA:184,0
DA:185,0
DA:186,0
DA:187,0
DA:188,0
DA:189,0
DA:191,0
DA:192,0
DA:197,0
DA:200,0
DA:203,0
DA:209,0
DA:217,0
DA:218,0
DA:219,0
DA:220,0
DA:221,0
DA:222,0
DA:223,0
DA:224,0
DA:225,0
DA:226,0
DA:227,0
DA:231,0
DA:232,0
DA:233,0
DA:235,0
DA:245,0
DA:247,0
DA:248,0
DA:249,0
DA:250,0
DA:251,0
DA:252,0
DA:253,0
DA:254,0
DA:255,0
DA:256,0
DA:258,0
DA:272,0
DA:273,0
DA:274,0
DA:275,0
DA:276,0
DA:277,0
DA:278,0
DA:279,0
LF:119
LH:0
BRDA:37,0,0,0
BRDA:37,0,1,0
BRDA:39,1,0,0
BRDA:39,1,1,0
BRDA:42,2,0,0
BRDA:42,2,1,0
BRDA:42,3,0,0
BRDA:42,3,1,0
BRDA:59,4,0,0
BRDA:59,4,1,0
BRDA:93,5,0,0
BRDA:93,5,1,0
BRDA:103,6,0,0
BRDA:103,6,1,0
BRDA:104,7,0,0
BRDA:104,7,1,0
BRDA:116,8,0,0
BRDA:116,8,1,0
BRDA:127,9,0,0
BRDA:127,9,1,0
BRDA:161,10,0,0
BRDA:161,10,1,0
BRDA:166,11,0,0
BRDA:166,11,1,0
BRDA:178,12,0,0
BRDA:178,12,1,0
BRDA:200,13,0,0
BRDA:200,13,1,0
BRDA:232,14,0,0
BRDA:232,14,1,0
BRDA:247,15,0,0
BRDA:247,15,1,0
BRDA:248,16,0,0
BRDA:248,16,1,0
BRF:34
BRH:0
end_of_record
TN:
SF:src/cli/commands/estimate.ts
FN:25,complexityColor
FN:31,displayEstimate
FN:56,displayRollupTable
FN:92,buildEstimateSection
FN:120,saveEstimateToArtifact
FN:167,estimateSingle
FN:242,estimateEpicRollup
FN:348,calibrate
FN:405,(anonymous_8)
FN:406,(anonymous_9)
FN:407,(anonymous_10)
FN:417,(anonymous_11)
FN:428,registerEstimateCommand
FN:437,(anonymous_13)
FNF:14
FNH:0
FNDA:0,complexityColor
FNDA:0,displayEstimate
FNDA:0,displayRollupTable
FNDA:0,buildEstimateSection
FNDA:0,saveEstimateToArtifact
FNDA:0,estimateSingle
FNDA:0,estimateEpicRollup
FNDA:0,calibrate
FNDA:0,(anonymous_8)
FNDA:0,(anonymous_9)
FNDA:0,(anonymous_10)
FNDA:0,(anonymous_11)
FNDA:0,registerEstimateCommand
FNDA:0,(anonymous_13)
DA:26,0
DA:27,0
DA:28,0
DA:32,0
DA:33,0
DA:34,0
DA:35,0
DA:36,0
DA:37,0
DA:38,0
DA:39,0
DA:40,0
DA:41,0
DA:43,0
DA:44,0
DA:45,0
DA:46,0
DA:47,0
DA:48,0
DA:49,0
DA:50,0
DA:53,0
DA:57,0
DA:58,0
DA:59,0
DA:60,0
DA:63,0
DA:65,0
DA:66,0
DA:67,0
DA:68,0
DA:70,0
DA:71,0
DA:72,0
DA:73,0
DA:74,0
DA:76,0
DA:81,0
DA:82,0
DA:85,0
DA:93,0
DA:94,0
DA:95,0
DA:96,0
DA:97,0
DA:98,0
DA:99,0
DA:100,0
DA:101,0
DA:103,0
DA:104,0
DA:105,0
DA:106,0
DA:107,0
DA:108,0
DA:109,0
DA:110,0
DA:113,0
DA:128,0
DA:132,0
DA:133,0
DA:134,0
DA:135,0
DA:137,0
DA:144,0
DA:145,0
DA:146,0
DA:150,0
DA:151,0
DA:153,0
DA:154,0
DA:156,0
DA:159,0
DA:160,0
DA:173,0
DA:174,0
DA:175,0
DA:176,0
DA:177,0
DA:180,0
DA:181,0
DA:182,0
DA:183,0
DA:188,0
DA:189,0
DA:192,0
DA:193,0
DA:194,0
DA:196,0
DA:200,0
DA:201,0
DA:203,0
DA:205,0
DA:209,0
DA:210,0
DA:213,0
DA:214,0
DA:220,0
DA:221,0
DA:223,0
DA:224,0
DA:225,0
DA:228,0
DA:231,0
DA:232,0
DA:235,0
DA:249,0
DA:250,0
DA:251,0
DA:252,0
DA:255,0
DA:258,0
DA:259,0
DA:260,0
DA:263,0
DA:264,0
DA:265,0
DA:266,0
DA:270,0
DA:271,0
DA:272,0
DA:273,0
DA:274,0
DA:279,0
DA:280,0
DA:281,0
DA:282,0
DA:283,0
DA:284,0
DA:288,0
DA:292,0
DA:294,0
DA:295,0
DA:297,0
DA:298,0
DA:302,0
DA:303,0
DA:305,0
DA:307,0
DA:308,0
DA:309,0
DA:310,0
DA:314,0
DA:315,0
DA:319,0
DA:320,0
DA:324,0
DA:325,0
DA:330,0
DA:331,0
DA:332,0
DA:333,0
DA:334,0
DA:335,0
DA:336,0
DA:339,0
DA:349,0
DA:350,0
DA:352,0
DA:360,0
DA:362,0
DA:363,0
DA:364,0
DA:365,0
DA:366,0
DA:367,0
DA:368,0
DA:369,0
DA:381,0
DA:382,0
DA:383,0
DA:387,0
DA:390,0
DA:392,0
DA:394,0
DA:399,0
DA:405,0
DA:406,0
DA:407,0
DA:409,0
DA:410,0
DA:411,0
DA:412,0
DA:413,0
DA:416,0
DA:417,0
DA:418,0
DA:419,0
DA:421,0
DA:429,0
DA:441,0
DA:442,0
DA:444,0
DA:445,0
DA:446,0
DA:449,0
DA:450,0
DA:451,0
DA:454,0
DA:455,0
DA:456,0
DA:457,0
DA:458,0
DA:459,0
DA:462,0
DA:465,0
LF:206
LH:0
BRDA:26,0,0,0
BRDA:26,0,1,0
BRDA:27,1,0,0
BRDA:27,1,1,0
BRDA:46,2,0,0
BRDA:46,2,1,0
BRDA:73,3,0,0
BRDA:73,3,1,0
BRDA:106,4,0,0
BRDA:106,4,1,0
BRDA:145,5,0,0
BRDA:145,5,1,0
BRDA:153,6,0,0
BRDA:153,6,1,0
BRDA:174,7,0,0
BRDA:174,7,1,0
BRDA:181,8,0,0
BRDA:181,8,1,0
BRDA:213,9,0,0
BRDA:213,9,1,0
BRDA:213,10,0,0
BRDA:213,10,1,0
BRDA:220,11,0,0
BRDA:220,11,1,0
BRDA:223,12,0,0
BRDA:223,12,1,0
BRDA:231,13,0,0
BRDA:231,13,1,0
BRDA:250,14,0,0
BRDA:250,14,1,0
BRDA:266,15,0,0
BRDA:266,15,1,0
BRDA:273,16,0,0
BRDA:273,16,1,0
BRDA:273,17,0,0
BRDA:273,17,1,0
BRDA:284,18,0,0
BRDA:284,18,1,0
BRDA:285,19,0,0
BRDA:285,19,1,0
BRDA:285,19,2,0
BRDA:285,19,3,0
BRDA:292,20,0,0
BRDA:292,20,1,0
BRDA:294,21,0,0
BRDA:294,21,1,0
BRDA:302,22,0,0
BRDA:302,22,1,0
BRDA:314,23,0,0
BRDA:314,23,1,0
BRDA:319,24,0,0
BRDA:319,24,1,0
BRDA:324,25,0,0
BRDA:324,25,1,0
BRDA:324,26,0,0
BRDA:324,26,1,0
BRDA:330,27,0,0
BRDA:330,27,1,0
BRDA:333,28,0,0
BRDA:333,28,1,0
BRDA:335,29,0,0
BRDA:335,29,1,0
BRDA:366,30,0,0
BRDA:366,30,1,0
BRDA:368,31,0,0
BRDA:368,31,1,0
BRDA:372,32,0,0
BRDA:372,32,1,0
BRDA:374,33,0,0
BRDA:374,33,1,0
BRDA:375,34,0,0
BRDA:375,34,1,0
BRDA:381,35,0,0
BRDA:381,35,1,0
BRDA:394,36,0,0
BRDA:394,36,1,0
BRDA:396,37,0,0
BRDA:396,37,1,0
BRDA:416,38,0,0
BRDA:416,38,1,0
BRDA:444,39,0,0
BRDA:444,39,1,0
BRDA:449,40,0,0
BRDA:449,40,1,0
BRDA:454,41,0,0
BRDA:454,41,1,0
BRDA:465,42,0,0
BRDA:465,42,1,0
BRF:88
BRH:0
end_of_record
TN:
SF:src/cli/commands/export.ts
FN:63,collectTasksForStory
FN:78,collectStoriesForFeature
FN:99,collectArtifacts
FN:287,exportMarkdown
FN:302,exportJSON
FN:310,exportHTML
FN:331,registerExportCommand
FN:338,(anonymous_7)
FNF:8
FNH:0
FNDA:0,collectTasksForStory
FNDA:0,collectStoriesForFeature
FNDA:0,collectArtifacts
FNDA:0,exportMarkdown
FNDA:0,exportJSON
FNDA:0,exportHTML
FNDA:0,registerExportCommand
FNDA:0,(anonymous_7)
DA:68,0
DA:69,0
DA:70,0
DA:71,0
DA:72,0
DA:74,0
DA:85,0
DA:86,0
DA:87,0
DA:88,0
DA:89,0
DA:90,0
DA:92,0
DA:104,0
DA:105,0
DA:106,0
DA:107,0
DA:108,0
DA:111,0
DA:112,0
DA:113,0
DA:115,0
DA:116,0
DA:117,0
DA:118,0
DA:130,0
DA:131,0
DA:132,0
DA:133,0
DA:145,0
DA:146,0
DA:147,0
DA:148,0
DA:162,0
DA:163,0
DA:164,0
DA:165,0
DA:167,0
DA:168,0
DA:170,0
DA:171,0
DA:173,0
DA:175,0
DA:176,0
DA:177,0
DA:179,0
DA:188,0
DA:189,0
DA:190,0
DA:191,0
DA:200,0
DA:203,0
DA:215,0
DA:216,0
DA:217,0
DA:218,0
DA:219,0
DA:226,0
DA:230,0
DA:231,0
DA:232,0
DA:233,0
DA:234,0
DA:235,0
DA:239,0
DA:240,0
DA:241,0
DA:242,0
DA:243,0
DA:248,0
DA:249,0
DA:250,0
DA:251,0
DA:252,0
DA:253,0
DA:265,0
DA:292,0
DA:297,0
DA:298,0
DA:299,0
DA:303,0
DA:306,0
DA:307,0
DA:315,0
DA:320,0
DA:323,0
DA:324,0
DA:332,0
DA:339,0
DA:340,0
DA:341,0
DA:343,0
DA:344,0
DA:345,0
DA:348,0
DA:349,0
DA:350,0
DA:351,0
DA:353,0
DA:354,0
DA:355,0
DA:356,0
DA:360,0
DA:361,0
DA:362,0
DA:364,0
DA:367,0
DA:373,0
DA:374,0
DA:375,0
DA:378,0
DA:381,0
DA:383,0
DA:384,0
DA:386,0
DA:387,0
DA:390,0
DA:393,0
DA:394,0
DA:397,0
LF:120
LH:0
BRDA:70,0,0,0
BRDA:70,0,1,0
BRDA:87,1,0,0
BRDA:87,1,1,0
BRDA:117,2,0,0
BRDA:117,2,1,0
BRDA:122,3,0,0
BRDA:122,3,1,0
BRDA:132,4,0,0
BRDA:132,4,1,0
BRDA:137,5,0,0
BRDA:137,5,1,0
BRDA:147,6,0,0
BRDA:147,6,1,0
BRDA:152,7,0,0
BRDA:152,7,1,0
BRDA:168,8,0,0
BRDA:168,8,1,0
BRDA:168,9,0,0
BRDA:168,9,1,0
BRDA:171,10,0,0
BRDA:171,10,1,0
BRDA:176,11,0,0
BRDA:176,11,1,0
BRDA:189,12,0,0
BRDA:189,12,1,0
BRDA:189,13,0,0
BRDA:189,13,1,0
BRDA:189,13,2,0
BRDA:207,14,0,0
BRDA:207,14,1,0
BRDA:216,15,0,0
BRDA:216,15,1,0
BRDA:218,16,0,0
BRDA:218,16,1,0
BRDA:231,17,0,0
BRDA:231,17,1,0
BRDA:233,18,0,0
BRDA:233,18,1,0
BRDA:240,19,0,0
BRDA:240,19,1,0
BRDA:242,20,0,0
BRDA:242,20,1,0
BRDA:249,21,0,0
BRDA:249,21,1,0
BRDA:252,22,0,0
BRDA:252,22,1,0
BRDA:257,23,0,0
BRDA:257,23,1,0
BRDA:297,24,0,0
BRDA:297,24,1,0
BRDA:303,25,0,0
BRDA:303,25,1,0
BRDA:320,26,0,0
BRDA:320,26,1,0
BRDA:343,27,0,0
BRDA:343,27,1,0
BRDA:348,28,0,0
BRDA:348,28,1,0
BRDA:349,29,0,0
BRDA:349,29,1,0
BRDA:354,30,0,0
BRDA:354,30,1,0
BRDA:361,31,0,0
BRDA:361,31,1,0
BRDA:373,32,0,0
BRDA:373,32,1,0
BRDA:381,33,0,0
BRDA:381,33,1,0
BRDA:381,33,2,0
BRDA:395,34,0,0
BRDA:395,34,1,0
BRF:72
BRH:0
end_of_record
TN:
SF:src/cli/commands/feature.ts
FN:26,registerFeatureCommand
FN:36,(anonymous_1)
FN:62,(anonymous_2)
FN:79,createFeaturesWithAI
FN:118,(anonymous_4)
FN:131,(anonymous_5)
FN:192,createFeatureManually
FNF:7
FNH:0
FNDA:0,registerFeatureCommand
FNDA:0,(anonymous_1)
FNDA:0,(anonymous_2)
FNDA:0,createFeaturesWithAI
FNDA:0,(anonymous_4)
FNDA:0,(anonymous_5)
FNDA:0,createFeatureManually
DA:27,0
DA:29,0
DA:37,0
DA:38,0
DA:40,0
DA:41,0
DA:42,0
DA:43,0
DA:46,0
DA:48,0
DA:49,0
DA:51,0
DA:52,0
DA:54,0
DA:58,0
DA:63,0
DA:64,0
DA:65,0
DA:67,0
DA:68,0
DA:69,0
DA:72,0
DA:73,0
DA:74,0
DA:85,0
DA:87,0
DA:88,0
DA:89,0
DA:90,0
DA:94,0
DA:95,0
DA:96,0
DA:97,0
DA:98,0
DA:99,0
DA:103,0
DA:104,0
DA:105,0
DA:106,0
DA:108,0
DA:112,0
DA:113,0
DA:114,0
DA:118,0
DA:120,0
DA:122,0
DA:123,0
DA:124,0
DA:125,0
DA:130,0
DA:131,0
DA:132,0
DA:133,0
DA:134,0
DA:136,0
DA:138,0
DA:140,0
DA:141,0
DA:142,0
DA:146,0
DA:147,0
DA:148,0
DA:149,0
DA:168,0
DA:169,0
DA:170,0
DA:171,0
DA:174,0
DA:175,0
DA:176,0
DA:177,0
DA:178,0
DA:179,0
DA:180,0
DA:181,0
DA:183,0
DA:184,0
DA:185,0
DA:187,0
DA:197,0
DA:199,0
DA:200,0
DA:201,0
DA:202,0
DA:206,0
DA:207,0
DA:208,0
DA:209,0
DA:211,0
DA:212,0
DA:232,0
DA:233,0
DA:234,0
DA:235,0
DA:236,0
LF:95
LH:0
BRDA:41,0,0,0
BRDA:41,0,1,0
BRDA:46,1,0,0
BRDA:46,1,1,0
BRDA:48,2,0,0
BRDA:48,2,1,0
BRDA:51,3,0,0
BRDA:51,3,1,0
BRDA:51,4,0,0
BRDA:51,4,1,0
BRDA:67,5,0,0
BRDA:67,5,1,0
BRDA:88,6,0,0
BRDA:88,6,1,0
BRDA:98,7,0,0
BRDA:98,7,1,0
BRDA:98,8,0,0
BRDA:98,8,1,0
BRDA:99,9,0,0
BRDA:99,9,1,0
BRDA:103,10,0,0
BRDA:103,10,1,0
BRDA:112,11,0,0
BRDA:112,11,1,0
BRDA:140,12,0,0
BRDA:140,12,1,0
BRDA:158,13,0,0
BRDA:158,13,1,0
BRDA:184,14,0,0
BRDA:184,14,1,0
BRDA:199,15,0,0
BRDA:199,15,1,0
BRF:32
BRH:0
end_of_record
TN:
SF:src/cli/commands/github.ts
FN:40,setFrontmatterField
FN:55,pushSingleArtifact
FN:132,collectEpicArtifacts
FN:180,registerGitHubCommand
FN:192,(anonymous_4)
FN:288,(anonymous_5)
FN:444,(anonymous_6)
FN:512,updateLocalStatus
FNF:8
FNH:0
FNDA:0,setFrontmatterField
FNDA:0,pushSingleArtifact
FNDA:0,collectEpicArtifacts
FNDA:0,registerGitHubCommand
FNDA:0,(anonymous_4)
FNDA:0,(anonymous_5)
FNDA:0,(anonymous_6)
FNDA:0,updateLocalStatus
DA:41,0
DA:42,0
DA:43,0
DA:44,0
DA:47,0
DA:48,0
DA:49,0
DA:51,0
DA:61,0
DA:62,0
DA:63,0
DA:64,0
DA:67,0
DA:68,0
DA:69,0
DA:70,0
DA:73,0
DA:74,0
DA:76,0
DA:77,0
DA:80,0
DA:81,0
DA:83,0
DA:84,0
DA:90,0
DA:92,0
DA:93,0
DA:94,0
DA:96,0
DA:97,0
DA:98,0
DA:99,0
DA:102,0
DA:103,0
DA:104,0
DA:106,0
DA:108,0
DA:109,0
DA:110,0
DA:111,0
DA:113,0
DA:114,0
DA:118,0
DA:119,0
DA:120,0
DA:121,0
DA:124,0
DA:125,0
DA:128,0
DA:137,0
DA:139,0
DA:140,0
DA:141,0
DA:143,0
DA:144,0
DA:145,0
DA:146,0
DA:147,0
DA:148,0
DA:152,0
DA:153,0
DA:154,0
DA:155,0
DA:156,0
DA:157,0
DA:161,0
DA:162,0
DA:163,0
DA:164,0
DA:165,0
DA:169,0
DA:173,0
DA:181,0
DA:186,0
DA:193,0
DA:194,0
DA:198,0
DA:199,0
DA:201,0
DA:202,0
DA:205,0
DA:206,0
DA:208,0
DA:210,0
DA:212,0
DA:213,0
DA:214,0
DA:215,0
DA:217,0
DA:219,0
DA:220,0
DA:221,0
DA:222,0
DA:225,0
DA:226,0
DA:227,0
DA:228,0
DA:230,0
DA:231,0
DA:234,0
DA:235,0
DA:236,0
DA:238,0
DA:239,0
DA:240,0
DA:241,0
DA:242,0
DA:245,0
DA:246,0
DA:247,0
DA:250,0
DA:251,0
DA:253,0
DA:254,0
DA:255,0
DA:259,0
DA:260,0
DA:261,0
DA:264,0
DA:265,0
DA:266,0
DA:267,0
DA:268,0
DA:271,0
DA:275,0
DA:276,0
DA:280,0
DA:289,0
DA:290,0
DA:293,0
DA:294,0
DA:296,0
DA:297,0
DA:300,0
DA:301,0
DA:304,0
DA:310,0
DA:312,0
DA:313,0
DA:314,0
DA:315,0
DA:316,0
DA:317,0
DA:327,0
DA:328,0
DA:329,0
DA:332,0
DA:335,0
DA:337,0
DA:343,0
DA:345,0
DA:346,0
DA:347,0
DA:348,0
DA:349,0
DA:351,0
DA:353,0
DA:356,0
DA:358,0
DA:359,0
DA:362,0
DA:363,0
DA:365,0
DA:366,0
DA:367,0
DA:369,0
DA:372,0
DA:375,0
DA:383,0
DA:388,0
DA:389,0
DA:390,0
DA:391,0
DA:393,0
DA:394,0
DA:395,0
DA:399,0
DA:411,0
DA:412,0
DA:419,0
DA:420,0
DA:421,0
DA:422,0
DA:423,0
DA:424,0
DA:425,0
DA:427,0
DA:432,0
DA:433,0
DA:434,0
DA:436,0
DA:441,0
DA:445,0
DA:446,0
DA:448,0
DA:449,0
DA:451,0
DA:452,0
DA:455,0
DA:456,0
DA:458,0
DA:459,0
DA:460,0
DA:462,0
DA:465,0
DA:467,0
DA:468,0
DA:469,0
DA:470,0
DA:471,0
DA:472,0
DA:474,0
DA:475,0
DA:476,0
DA:477,0
DA:478,0
DA:480,0
DA:481,0
DA:484,0
DA:487,0
DA:489,0
DA:492,0
DA:494,0
DA:497,0
DA:502,0
DA:503,0
DA:504,0
DA:519,0
DA:520,0
DA:522,0
DA:523,0
DA:524,0
DA:525,0
DA:526,0
LF:234
LH:0
BRDA:43,0,0,0
BRDA:43,0,1,0
BRDA:48,1,0,0
BRDA:48,1,1,0
BRDA:62,2,0,0
BRDA:62,2,1,0
BRDA:68,3,0,0
BRDA:68,3,1,0
BRDA:74,4,0,0
BRDA:74,4,1,0
BRDA:81,5,0,0
BRDA:81,5,1,0
BRDA:83,6,0,0
BRDA:83,6,1,0
BRDA:90,7,0,0
BRDA:90,7,1,0
BRDA:96,8,0,0
BRDA:96,8,1,0
BRDA:98,9,0,0
BRDA:98,9,1,0
BRDA:146,10,0,0
BRDA:146,10,1,0
BRDA:155,11,0,0
BRDA:155,11,1,0
BRDA:155,12,0,0
BRDA:155,12,1,0
BRDA:165,13,0,0
BRDA:165,13,1,0
BRDA:166,14,0,0
BRDA:166,14,1,0
BRDA:166,14,2,0
BRDA:166,14,3,0
BRDA:210,15,0,0
BRDA:210,15,1,0
BRDA:217,16,0,0
BRDA:217,16,1,0
BRDA:220,17,0,0
BRDA:220,17,1,0
BRDA:235,18,0,0
BRDA:235,18,1,0
BRDA:245,19,0,0
BRDA:245,19,1,0
BRDA:250,20,0,0
BRDA:250,20,1,0
BRDA:255,21,0,0
BRDA:255,21,1,0
BRDA:264,22,0,0
BRDA:264,22,1,0
BRDA:265,23,0,0
BRDA:265,23,1,0
BRDA:267,24,0,0
BRDA:267,24,1,0
BRDA:316,25,0,0
BRDA:316,25,1,0
BRDA:321,26,0,0
BRDA:321,26,1,0
BRDA:327,27,0,0
BRDA:327,27,1,0
BRDA:333,28,0,0
BRDA:333,28,1,0
BRDA:351,29,0,0
BRDA:351,29,1,0
BRDA:356,30,0,0
BRDA:356,30,1,0
BRDA:363,31,0,0
BRDA:363,31,1,0
BRDA:366,32,0,0
BRDA:366,32,1,0
BRDA:388,33,0,0
BRDA:388,33,1,0
BRDA:411,34,0,0
BRDA:411,34,1,0
BRDA:414,35,0,0
BRDA:414,35,1,0
BRDA:421,36,0,0
BRDA:421,36,1,0
BRDA:433,37,0,0
BRDA:433,37,1,0
BRDA:434,38,0,0
BRDA:434,38,1,0
BRDA:471,39,0,0
BRDA:471,39,1,0
BRDA:474,40,0,0
BRDA:474,40,1,0
BRDA:484,41,0,0
BRDA:484,41,1,0
BRDA:487,42,0,0
BRDA:487,42,1,0
BRDA:520,43,0,0
BRDA:520,43,1,0
BRF:90
BRH:0
end_of_record
TN:
SF:src/cli/commands/init.ts
FN:25,registerInitCommand
FN:31,(anonymous_1)
FNF:2
FNH:0
FNDA:0,registerInitCommand
FNDA:0,(anonymous_1)
DA:26,0
DA:32,0
DA:33,0
DA:35,0
DA:36,0
DA:40,0
DA:41,0
DA:42,0
DA:47,0
DA:49,0
DA:52,0
DA:53,0
DA:55,0
DA:56,0
DA:62,0
DA:65,0
DA:66,0
DA:67,0
DA:70,0
DA:71,0
DA:73,0
DA:76,0
DA:78,0
DA:85,0
DA:90,0
DA:95,0
DA:96,0
DA:97,0
DA:99,0
DA:102,0
DA:103,0
DA:106,0
DA:107,0
DA:110,0
DA:111,0
DA:112,0
DA:113,0
DA:114,0
DA:118,0
DA:119,0
DA:120,0
DA:122,0
DA:123,0
DA:124,0
DA:127,0
DA:128,0
DA:129,0
DA:130,0
DA:131,0
DA:132,0
LF:50
LH:0
BRDA:35,0,0,0
BRDA:35,0,1,0
BRDA:40,1,0,0
BRDA:40,1,1,0
BRDA:47,2,0,0
BRDA:47,2,1,0
BRDA:52,3,0,0
BRDA:52,3,1,0
BRDA:55,4,0,0
BRDA:55,4,1,0
BRDA:65,5,0,0
BRDA:65,5,1,0
BRDA:65,6,0,0
BRDA:65,6,1,0
BRDA:66,7,0,0
BRDA:66,7,1,0
BRDA:70,8,0,0
BRDA:70,8,1,0
BRDA:73,9,0,0
BRDA:73,9,1,0
BRDA:111,10,0,0
BRDA:111,10,1,0
BRDA:122,11,0,0
BRDA:122,11,1,0
BRDA:124,12,0,0
BRDA:124,12,1,0
BRF:26
BRH:0
end_of_record
TN:
SF:src/cli/commands/plan.ts
FN:46,registerPlanCommand
FN:53,(anonymous_1)
FN:91,planFromScratch
FN:99,(anonymous_3)
FN:133,planFromEpic
FN:147,(anonymous_5)
FN:159,(anonymous_6)
FN:213,planFromFeature
FN:234,(anonymous_8)
FN:271,(anonymous_9)
FN:291,generateTasksForFeature
FN:318,(anonymous_11)
FN:322,(anonymous_12)
FN:360,(anonymous_13)
FN:372,generateTasksForSingleStory
FN:403,(anonymous_15)
FN:407,(anonymous_16)
FN:443,(anonymous_17)
FNF:18
FNH:0
FNDA:0,registerPlanCommand
FNDA:0,(anonymous_1)
FNDA:0,planFromScratch
FNDA:0,(anonymous_3)
FNDA:0,planFromEpic
FNDA:0,(anonymous_5)
FNDA:0,(anonymous_6)
FNDA:0,planFromFeature
FNDA:0,(anonymous_8)
FNDA:0,(anonymous_9)
FNDA:0,generateTasksForFeature
FNDA:0,(anonymous_11)
FNDA:0,(anonymous_12)
FNDA:0,(anonymous_13)
FNDA:0,generateTasksForSingleStory
FNDA:0,(anonymous_15)
FNDA:0,(anonymous_16)
FNDA:0,(anonymous_17)
DA:47,0
DA:54,0
DA:55,0
DA:57,0
DA:58,0
DA:61,0
DA:64,0
DA:66,0
DA:67,0
DA:69,0
DA:70,0
DA:72,0
DA:73,0
DA:75,0
DA:78,0
DA:81,0
DA:82,0
DA:83,0
DA:85,0
DA:92,0
DA:93,0
DA:96,0
DA:98,0
DA:99,0
DA:101,0
DA:102,0
DA:103,0
DA:110,0
DA:111,0
DA:113,0
DA:114,0
DA:115,0
DA:116,0
DA:119,0
DA:122,0
DA:128,0
DA:130,0
DA:140,0
DA:141,0
DA:142,0
DA:143,0
DA:146,0
DA:147,0
DA:149,0
DA:150,0
DA:151,0
DA:158,0
DA:159,0
DA:160,0
DA:163,0
DA:167,0
DA:168,0
DA:169,0
DA:172,0
DA:173,0
DA:174,0
DA:175,0
DA:188,0
DA:189,0
DA:190,0
DA:194,0
DA:195,0
DA:199,0
DA:200,0
DA:201,0
DA:202,0
DA:203,0
DA:204,0
DA:205,0
DA:206,0
DA:207,0
DA:208,0
DA:209,0
DA:210,0
DA:220,0
DA:221,0
DA:222,0
DA:223,0
DA:226,0
DA:227,0
DA:228,0
DA:229,0
DA:230,0
DA:233,0
DA:234,0
DA:236,0
DA:237,0
DA:238,0
DA:245,0
DA:247,0
DA:248,0
DA:249,0
DA:251,0
DA:252,0
DA:263,0
DA:271,0
DA:280,0
DA:282,0
DA:283,0
DA:284,0
DA:288,0
DA:298,0
DA:299,0
DA:300,0
DA:303,0
DA:304,0
DA:306,0
DA:307,0
DA:308,0
DA:311,0
DA:312,0
DA:313,0
DA:314,0
DA:318,0
DA:322,0
DA:330,0
DA:333,0
DA:334,0
DA:335,0
DA:340,0
DA:341,0
DA:346,0
DA:347,0
DA:350,0
DA:360,0
DA:363,0
DA:364,0
DA:367,0
DA:379,0
DA:380,0
DA:381,0
DA:382,0
DA:385,0
DA:386,0
DA:387,0
DA:388,0
DA:391,0
DA:392,0
DA:393,0
DA:395,0
DA:396,0
DA:397,0
DA:398,0
DA:399,0
DA:403,0
DA:407,0
DA:415,0
DA:416,0
DA:417,0
DA:418,0
DA:423,0
DA:424,0
DA:429,0
DA:430,0
DA:433,0
DA:443,0
DA:444,0
DA:445,0
LF:158
LH:0
BRDA:57,0,0,0
BRDA:57,0,1,0
BRDA:67,1,0,0
BRDA:67,1,1,0
BRDA:70,2,0,0
BRDA:70,2,1,0
BRDA:73,3,0,0
BRDA:73,3,1,0
BRDA:82,4,0,0
BRDA:82,4,1,0
BRDA:114,5,0,0
BRDA:114,5,1,0
BRDA:119,6,0,0
BRDA:119,6,1,0
BRDA:141,7,0,0
BRDA:141,7,1,0
BRDA:167,8,0,0
BRDA:167,8,1,0
BRDA:179,9,0,0
BRDA:179,9,1,0
BRDA:221,10,0,0
BRDA:221,10,1,0
BRDA:229,11,0,0
BRDA:229,11,1,0
BRDA:230,12,0,0
BRDA:230,12,1,0
BRDA:259,13,0,0
BRDA:259,13,1,0
BRDA:322,14,0,0
BRDA:322,14,1,0
BRDA:380,15,0,0
BRDA:380,15,1,0
BRDA:386,16,0,0
BRDA:386,16,1,0
BRDA:407,17,0,0
BRDA:407,17,1,0
BRF:36
BRH:0
end_of_record
TN:
SF:src/cli/commands/quick.ts
FN:44,registerQuickCommand
FN:58,(anonymous_1)
FN:100,(anonymous_2)
FN:127,(anonymous_3)
FN:148,(anonymous_4)
FN:190,(anonymous_5)
FN:207,createQuickWithAI
FN:287,createQuickManually
FN:300,(anonymous_8)
FN:326,promoteQuickTask
FNF:10
FNH:0
FNDA:0,registerQuickCommand
FNDA:0,(anonymous_1)
FNDA:0,(anonymous_2)
FNDA:0,(anonymous_3)
FNDA:0,(anonymous_4)
FNDA:0,(anonymous_5)
FNDA:0,createQuickWithAI
FNDA:0,createQuickManually
FNDA:0,(anonymous_8)
FNDA:0,promoteQuickTask
DA:45,0
DA:52,0
DA:59,0
DA:60,0
DA:62,0
DA:64,0
DA:65,0
DA:66,0
DA:67,0
DA:68,0
DA:70,0
DA:71,0
DA:72,0
DA:74,0
DA:75,0
DA:78,0
DA:80,0
DA:81,0
DA:82,0
DA:83,0
DA:85,0
DA:87,0
DA:88,0
DA:90,0
DA:97,0
DA:101,0
DA:102,0
DA:103,0
DA:105,0
DA:106,0
DA:107,0
DA:110,0
DA:111,0
DA:112,0
DA:119,0
DA:128,0
DA:129,0
DA:131,0
DA:132,0
DA:143,0
DA:149,0
DA:150,0
DA:152,0
DA:155,0
DA:157,0
DA:159,0
DA:160,0
DA:161,0
DA:162,0
DA:164,0
DA:167,0
DA:168,0
DA:169,0
DA:170,0
DA:173,0
DA:174,0
DA:175,0
DA:178,0
DA:184,0
DA:191,0
DA:192,0
DA:194,0
DA:195,0
DA:196,0
DA:199,0
DA:213,0
DA:214,0
DA:216,0
DA:220,0
DA:221,0
DA:224,0
DA:225,0
DA:226,0
DA:227,0
DA:229,0
DA:232,0
DA:234,0
DA:238,0
DA:239,0
DA:240,0
DA:242,0
DA:243,0
DA:248,0
DA:249,0
DA:251,0
DA:252,0
DA:254,0
DA:255,0
DA:256,0
DA:259,0
DA:261,0
DA:269,0
DA:270,0
DA:271,0
DA:272,0
DA:273,0
DA:279,0
DA:292,0
DA:294,0
DA:295,0
DA:300,0
DA:307,0
DA:315,0
DA:316,0
DA:317,0
DA:318,0
DA:319,0
DA:332,0
DA:333,0
DA:334,0
DA:335,0
DA:338,0
DA:339,0
DA:340,0
DA:341,0
DA:344,0
DA:347,0
DA:348,0
DA:349,0
DA:350,0
DA:351,0
DA:355,0
DA:356,0
DA:357,0
DA:358,0
DA:359,0
DA:366,0
DA:367,0
DA:368,0
DA:369,0
DA:370,0
DA:371,0
DA:372,0
DA:376,0
DA:379,0
DA:380,0
DA:381,0
DA:382,0
DA:383,0
DA:386,0
DA:387,0
DA:388,0
DA:389,0
DA:390,0
DA:394,0
DA:396,0
DA:399,0
DA:400,0
DA:404,0
DA:405,0
DA:406,0
DA:408,0
DA:409,0
DA:410,0
DA:411,0
DA:412,0
DA:413,0
LF:157
LH:0
BRDA:64,0,0,0
BRDA:64,0,1,0
BRDA:74,1,0,0
BRDA:74,1,1,0
BRDA:74,2,0,0
BRDA:74,2,1,0
BRDA:78,3,0,0
BRDA:78,3,1,0
BRDA:80,4,0,0
BRDA:80,4,1,0
BRDA:81,5,0,0
BRDA:81,5,1,0
BRDA:87,6,0,0
BRDA:87,6,1,0
BRDA:87,7,0,0
BRDA:87,7,1,0
BRDA:105,8,0,0
BRDA:105,8,1,0
BRDA:159,9,0,0
BRDA:159,9,1,0
BRDA:159,10,0,0
BRDA:159,10,1,0
BRDA:167,11,0,0
BRDA:167,11,1,0
BRDA:173,12,0,0
BRDA:173,12,1,0
BRDA:194,13,0,0
BRDA:194,13,1,0
BRDA:194,14,0,0
BRDA:194,14,1,0
BRDA:211,15,0,0
BRDA:229,16,0,0
BRDA:229,16,1,0
BRDA:230,17,0,0
BRDA:230,17,1,0
BRDA:242,18,0,0
BRDA:242,18,1,0
BRDA:254,19,0,0
BRDA:254,19,1,0
BRDA:294,20,0,0
BRDA:294,20,1,0
BRDA:333,21,0,0
BRDA:333,21,1,0
BRDA:339,22,0,0
BRDA:339,22,1,0
BRDA:344,23,0,0
BRDA:344,23,1,0
BRDA:347,24,0,0
BRDA:347,24,1,0
BRDA:349,25,0,0
BRDA:349,25,1,0
BRDA:355,26,0,0
BRDA:355,26,1,0
BRDA:357,27,0,0
BRDA:357,27,1,0
BRDA:368,28,0,0
BRDA:368,28,1,0
BRDA:379,29,0,0
BRDA:379,29,1,0
BRDA:386,30,0,0
BRDA:386,30,1,0
BRDA:399,31,0,0
BRDA:399,31,1,0
BRDA:410,32,0,0
BRDA:410,32,1,0
BRDA:411,33,0,0
BRDA:411,33,1,0
BRF:67
BRH:0
end_of_record
TN:
SF:src/cli/commands/refine.ts
FN:40,registerRefineCommand
FN:46,(anonymous_1)
FN:99,refineOne
FN:175,refineCascade
FN:220,findChildren
FN:245,suggestNextSteps
FNF:6
FNH:0
FNDA:0,registerRefineCommand
FNDA:0,(anonymous_1)
FNDA:0,refineOne
FNDA:0,refineCascade
FNDA:0,findChildren
FNDA:0,suggestNextSteps
DA:34,0
DA:41,0
DA:47,0
DA:48,0
DA:50,0
DA:51,0
DA:52,0
DA:55,0
DA:56,0
DA:57,0
DA:58,0
DA:59,0
DA:62,0
DA:63,0
DA:65,0
DA:66,0
DA:67,0
DA:76,0
DA:77,0
DA:82,0
DA:83,0
DA:86,0
DA:87,0
DA:88,0
DA:90,0
DA:107,0
DA:108,0
DA:109,0
DA:110,0
DA:113,0
DA:115,0
DA:116,0
DA:121,0
DA:122,0
DA:123,0
DA:124,0
DA:125,0
DA:126,0
DA:133,0
DA:134,0
DA:135,0
DA:136,0
DA:138,0
DA:140,0
DA:146,0
DA:147,0
DA:148,0
DA:151,0
DA:152,0
DA:153,0
DA:154,0
DA:156,0
DA:161,0
DA:162,0
DA:163,0
DA:167,0
DA:168,0
DA:184,0
DA:187,0
DA:188,0
DA:189,0
DA:192,0
DA:193,0
DA:196,0
DA:197,0
DA:199,0
DA:200,0
DA:202,0
DA:203,0
DA:214,0
DA:226,0
DA:227,0
DA:229,0
DA:230,0
DA:232,0
DA:233,0
DA:234,0
DA:235,0
DA:239,0
DA:251,0
DA:252,0
DA:254,0
DA:256,0
DA:257,0
DA:258,0
DA:259,0
DA:262,0
DA:263,0
DA:264,0
DA:265,0
DA:266,0
DA:267,0
DA:268,0
DA:270,0
DA:271,0
DA:272,0
LF:96
LH:0
BRDA:50,0,0,0
BRDA:50,0,1,0
BRDA:56,1,0,0
BRDA:56,1,1,0
BRDA:65,2,0,0
BRDA:65,2,1,0
BRDA:76,3,0,0
BRDA:76,3,1,0
BRDA:87,4,0,0
BRDA:87,4,1,0
BRDA:108,5,0,0
BRDA:108,5,1,0
BRDA:123,6,0,0
BRDA:123,6,1,0
BRDA:123,7,0,0
BRDA:123,7,1,0
BRDA:146,8,0,0
BRDA:146,8,1,0
BRDA:151,9,0,0
BRDA:151,9,1,0
BRDA:161,10,0,0
BRDA:161,10,1,0
BRDA:189,11,0,0
BRDA:189,11,1,0
BRDA:193,12,0,0
BRDA:193,12,1,0
BRDA:197,13,0,0
BRDA:197,13,1,0
BRDA:227,14,0,0
BRDA:227,14,1,0
BRDA:234,15,0,0
BRDA:234,15,1,0
BRDA:234,16,0,0
BRDA:234,16,1,0
BRDA:252,17,0,0
BRDA:252,17,1,0
BRF:36
BRH:0
end_of_record
TN:
SF:src/cli/commands/rules.ts
FN:9,registerRulesCommand
FN:17,(anonymous_1)
FNF:2
FNH:0
FNDA:0,registerRulesCommand
FNDA:0,(anonymous_1)
DA:10,0
DA:18,0
DA:19,0
DA:22,0
DA:30,0
DA:34,0
DA:35,0
DA:37,0
DA:38,0
DA:39,0
DA:41,0
DA:42,0
DA:43,0
DA:44,0
DA:46,0
DA:47,0
DA:48,0
DA:50,0
DA:54,0
LF:19
LH:0
BRDA:30,0,0,0
BRDA:30,0,1,0
BRDA:43,1,0,0
BRDA:43,1,1,0
BRDA:54,2,0,0
BRDA:54,2,1,0
BRF:6
BRH:0
end_of_record
TN:
SF:src/cli/commands/search.ts
FN:38,extractSnippet
FN:49,(anonymous_1)
FN:65,searchArtifacts
FN:106,registerSearchCommand
FN:113,(anonymous_4)
FNF:5
FNH:0
FNDA:0,extractSnippet
FNDA:0,(anonymous_1)
FNDA:0,searchArtifacts
FNDA:0,registerSearchCommand
FNDA:0,(anonymous_4)
DA:16,0
DA:27,0
DA:39,0
DA:40,0
DA:42,0
DA:43,0
DA:44,0
DA:45,0
DA:46,0
DA:49,0
DA:50,0
DA:51,0
DA:52,0
DA:59,0
DA:62,0
DA:71,0
DA:72,0
DA:73,0
DA:75,0
DA:76,0
DA:78,0
DA:79,0
DA:80,0
DA:83,0
DA:84,0
DA:85,0
DA:86,0
DA:91,0
DA:93,0
DA:94,0
DA:103,0
DA:107,0
DA:114,0
DA:115,0
DA:118,0
DA:119,0
DA:120,0
DA:121,0
DA:124,0
DA:126,0
DA:127,0
DA:128,0
DA:131,0
DA:132,0
DA:135,0
DA:136,0
DA:137,0
DA:138,0
DA:139,0
DA:142,0
DA:143,0
DA:144,0
DA:146,0
DA:147,0
DA:148,0
DA:149,0
DA:150,0
DA:153,0
DA:157,0
DA:158,0
LF:60
LH:0
BRDA:43,0,0,0
BRDA:43,0,1,0
BRDA:51,1,0,0
BRDA:51,1,1,0
BRDA:71,2,0,0
BRDA:71,2,1,0
BRDA:80,3,0,0
BRDA:80,3,1,0
BRDA:83,4,0,0
BRDA:83,4,1,0
BRDA:85,5,0,0
BRDA:85,5,1,0
BRDA:85,6,0,0
BRDA:85,6,1,0
BRDA:91,7,0,0
BRDA:91,7,1,0
BRDA:118,8,0,0
BRDA:118,8,1,0
BRDA:118,9,0,0
BRDA:118,9,1,0
BRDA:126,10,0,0
BRDA:126,10,1,0
BRDA:137,11,0,0
BRDA:137,11,1,0
BRDA:143,12,0,0
BRDA:143,12,1,0
BRDA:148,13,0,0
BRDA:148,13,1,0
BRDA:159,14,0,0
BRDA:159,14,1,0
BRDA:159,15,0,0
BRDA:159,15,1,0
BRF:32
BRH:0
end_of_record
TN:
SF:src/cli/commands/sprint.ts
FN:27,registerSprintCommand
FN:38,(anonymous_1)
FN:44,(anonymous_2)
FN:96,(anonymous_3)
FN:141,(anonymous_4)
FN:142,(anonymous_5)
FN:156,(anonymous_6)
FN:160,(anonymous_7)
FN:182,(anonymous_8)
FN:235,(anonymous_9)
FN:237,(anonymous_10)
FN:268,(anonymous_11)
FN:292,(anonymous_12)
FN:294,(anonymous_13)
FN:330,(anonymous_14)
FN:343,(anonymous_15)
FN:375,(anonymous_16)
FN:380,(anonymous_17)
FN:409,loadSprints
FN:436,getActiveSprint
FN:441,(anonymous_20)
FN:451,autoSelectTasks
FN:463,(anonymous_22)
FN:468,(anonymous_23)
FN:469,(anonymous_24)
FN:470,(anonymous_25)
FN:486,(anonymous_26)
FN:505,(anonymous_27)
FN:526,(anonymous_28)
FN:531,(anonymous_29)
FN:534,(anonymous_30)
FN:552,calculateAverageVelocity
FN:553,(anonymous_32)
FN:557,(anonymous_33)
FN:561,displayVelocityHistory
FN:562,(anonymous_35)
FN:576,parseDuration
FN:586,addDays
FN:592,colorByPercent
FNF:39
FNH:0
FNDA:0,registerSprintCommand
FNDA:0,(anonymous_1)
FNDA:0,(anonymous_2)
FNDA:0,(anonymous_3)
FNDA:0,(anonymous_4)
FNDA:0,(anonymous_5)
FNDA:0,(anonymous_6)
FNDA:0,(anonymous_7)
FNDA:0,(anonymous_8)
FNDA:0,(anonymous_9)
FNDA:0,(anonymous_10)
FNDA:0,(anonymous_11)
FNDA:0,(anonymous_12)
FNDA:0,(anonymous_13)
FNDA:0,(anonymous_14)
FNDA:0,(anonymous_15)
FNDA:0,(anonymous_16)
FNDA:0,(anonymous_17)
FNDA:0,loadSprints
FNDA:0,getActiveSprint
FNDA:0,(anonymous_20)
FNDA:0,autoSelectTasks
FNDA:0,(anonymous_22)
FNDA:0,(anonymous_23)
FNDA:0,(anonymous_24)
FNDA:0,(anonymous_25)
FNDA:0,(anonymous_26)
FNDA:0,(anonymous_27)
FNDA:0,(anonymous_28)
FNDA:0,(anonymous_29)
FNDA:0,(anonymous_30)
FNDA:0,calculateAverageVelocity
FNDA:0,(anonymous_32)
FNDA:0,(anonymous_33)
FNDA:0,displayVelocityHistory
FNDA:0,(anonymous_35)
FNDA:0,parseDuration
FNDA:0,addDays
FNDA:0,colorByPercent
DA:28,0
DA:33,0
DA:39,0
DA:40,0
DA:43,0
DA:44,0
DA:45,0
DA:46,0
DA:49,0
DA:52,0
DA:53,0
DA:54,0
DA:55,0
DA:56,0
DA:59,0
DA:60,0
DA:62,0
DA:78,0
DA:79,0
DA:80,0
DA:81,0
DA:82,0
DA:83,0
DA:84,0
DA:85,0
DA:91,0
DA:97,0
DA:98,0
DA:100,0
DA:101,0
DA:103,0
DA:104,0
DA:105,0
DA:108,0
DA:109,0
DA:110,0
DA:114,0
DA:115,0
DA:116,0
DA:117,0
DA:118,0
DA:119,0
DA:120,0
DA:122,0
DA:123,0
DA:124,0
DA:125,0
DA:127,0
DA:130,0
DA:131,0
DA:132,0
DA:136,0
DA:137,0
DA:139,0
DA:140,0
DA:141,0
DA:142,0
DA:144,0
DA:145,0
DA:148,0
DA:149,0
DA:150,0
DA:153,0
DA:154,0
DA:156,0
DA:160,0
DA:161,0
DA:163,0
DA:164,0
DA:167,0
DA:168,0
DA:171,0
DA:172,0
DA:179,0
DA:183,0
DA:184,0
DA:186,0
DA:187,0
DA:189,0
DA:190,0
DA:192,0
DA:193,0
DA:195,0
DA:196,0
DA:197,0
DA:198,0
DA:201,0
DA:202,0
DA:203,0
DA:204,0
DA:205,0
DA:206,0
DA:208,0
DA:212,0
DA:213,0
DA:215,0
DA:216,0
DA:217,0
DA:221,0
DA:222,0
DA:223,0
DA:225,0
DA:226,0
DA:227,0
DA:228,0
DA:229,0
DA:230,0
DA:231,0
DA:234,0
DA:235,0
DA:236,0
DA:237,0
DA:238,0
DA:239,0
DA:241,0
DA:242,0
DA:243,0
DA:244,0
DA:247,0
DA:248,0
DA:249,0
DA:252,0
DA:253,0
DA:254,0
DA:255,0
DA:256,0
DA:259,0
DA:265,0
DA:269,0
DA:270,0
DA:272,0
DA:273,0
DA:275,0
DA:276,0
DA:278,0
DA:279,0
DA:282,0
DA:283,0
DA:285,0
DA:286,0
DA:287,0
DA:288,0
DA:289,0
DA:291,0
DA:292,0
DA:293,0
DA:294,0
DA:295,0
DA:299,0
DA:300,0
DA:301,0
DA:302,0
DA:306,0
DA:307,0
DA:308,0
DA:310,0
DA:312,0
DA:313,0
DA:314,0
DA:316,0
DA:317,0
DA:318,0
DA:319,0
DA:320,0
DA:322,0
DA:323,0
DA:324,0
DA:325,0
DA:329,0
DA:330,0
DA:331,0
DA:332,0
DA:333,0
DA:340,0
DA:344,0
DA:345,0
DA:347,0
DA:348,0
DA:349,0
DA:350,0
DA:353,0
DA:354,0
DA:356,0
DA:358,0
DA:359,0
DA:360,0
DA:361,0
DA:362,0
DA:363,0
DA:366,0
DA:372,0
DA:376,0
DA:377,0
DA:379,0
DA:380,0
DA:382,0
DA:383,0
DA:384,0
DA:387,0
DA:388,0
DA:389,0
DA:410,0
DA:411,0
DA:413,0
DA:414,0
DA:415,0
DA:417,0
DA:418,0
DA:420,0
DA:433,0
DA:440,0
DA:441,0
DA:443,0
DA:444,0
DA:445,0
DA:448,0
DA:456,0
DA:457,0
DA:458,0
DA:462,0
DA:463,0
DA:465,0
DA:466,0
DA:467,0
DA:468,0
DA:469,0
DA:470,0
DA:472,0
DA:473,0
DA:474,0
DA:478,0
DA:480,0
DA:481,0
DA:483,0
DA:484,0
DA:486,0
DA:491,0
DA:492,0
DA:500,0
DA:501,0
DA:502,0
DA:504,0
DA:505,0
DA:506,0
DA:509,0
DA:510,0
DA:511,0
DA:512,0
DA:514,0
DA:515,0
DA:516,0
DA:517,0
DA:521,0
DA:522,0
DA:524,0
DA:525,0
DA:526,0
DA:527,0
DA:529,0
DA:531,0
DA:534,0
DA:535,0
DA:536,0
DA:537,0
DA:540,0
DA:541,0
DA:543,0
DA:544,0
DA:545,0
DA:547,0
DA:553,0
DA:554,0
DA:557,0
DA:558,0
DA:562,0
DA:563,0
DA:565,0
DA:566,0
DA:567,0
DA:568,0
DA:571,0
DA:572,0
DA:573,0
DA:577,0
DA:578,0
DA:580,0
DA:581,0
DA:583,0
DA:587,0
DA:588,0
DA:589,0
DA:593,0
DA:594,0
DA:595,0
LF:294
LH:0
BRDA:45,0,0,0
BRDA:45,0,1,0
BRDA:52,1,0,0
BRDA:52,1,1,0
BRDA:54,2,0,0
BRDA:54,2,1,0
BRDA:101,3,0,0
BRDA:101,3,1,0
BRDA:103,4,0,0
BRDA:103,4,1,0
BRDA:108,5,0,0
BRDA:108,5,1,0
BRDA:117,6,0,0
BRDA:117,6,1,0
BRDA:117,7,0,0
BRDA:117,7,1,0
BRDA:118,8,0,0
BRDA:118,8,1,0
BRDA:123,9,0,0
BRDA:123,9,1,0
BRDA:130,10,0,0
BRDA:130,10,1,0
BRDA:137,11,0,0
BRDA:137,11,1,0
BRDA:140,12,0,0
BRDA:140,12,1,0
BRDA:144,13,0,0
BRDA:144,13,1,0
BRDA:148,14,0,0
BRDA:148,14,1,0
BRDA:163,15,0,0
BRDA:163,15,1,0
BRDA:169,16,0,0
BRDA:169,16,1,0
BRDA:187,17,0,0
BRDA:187,17,1,0
BRDA:190,18,0,0
BRDA:190,18,1,0
BRDA:193,19,0,0
BRDA:193,19,1,0
BRDA:195,20,0,0
BRDA:195,20,1,0
BRDA:197,21,0,0
BRDA:197,21,1,0
BRDA:198,22,0,0
BRDA:198,22,1,0
BRDA:198,23,0,0
BRDA:198,23,1,0
BRDA:201,24,0,0
BRDA:201,24,1,0
BRDA:205,25,0,0
BRDA:205,25,1,0
BRDA:215,26,0,0
BRDA:215,26,1,0
BRDA:227,27,0,0
BRDA:227,27,1,0
BRDA:229,28,0,0
BRDA:229,28,1,0
BRDA:236,29,0,0
BRDA:236,29,1,0
BRDA:237,30,0,0
BRDA:237,30,1,0
BRDA:241,31,0,0
BRDA:241,31,1,0
BRDA:242,32,0,0
BRDA:242,32,1,0
BRDA:242,33,0,0
BRDA:242,33,1,0
BRDA:243,34,0,0
BRDA:243,34,1,0
BRDA:247,35,0,0
BRDA:247,35,1,0
BRDA:273,36,0,0
BRDA:273,36,1,0
BRDA:276,37,0,0
BRDA:276,37,1,0
BRDA:279,38,0,0
BRDA:279,38,1,0
BRDA:287,39,0,0
BRDA:287,39,1,0
BRDA:289,40,0,0
BRDA:289,40,1,0
BRDA:293,41,0,0
BRDA:293,41,1,0
BRDA:295,42,0,0
BRDA:295,42,1,0
BRDA:301,43,0,0
BRDA:301,43,1,0
BRDA:307,44,0,0
BRDA:307,44,1,0
BRDA:313,45,0,0
BRDA:313,45,1,0
BRDA:316,46,0,0
BRDA:316,46,1,0
BRDA:331,47,0,0
BRDA:331,47,1,0
BRDA:348,48,0,0
BRDA:348,48,1,0
BRDA:358,49,0,0
BRDA:358,49,1,0
BRDA:358,50,0,0
BRDA:358,50,1,0
BRDA:362,51,0,0
BRDA:362,51,1,0
BRDA:362,52,0,0
BRDA:362,52,1,0
BRDA:382,53,0,0
BRDA:382,53,1,0
BRDA:415,54,0,0
BRDA:415,54,1,0
BRDA:418,55,0,0
BRDA:418,55,1,0
BRDA:422,56,0,0
BRDA:422,56,1,0
BRDA:424,57,0,0
BRDA:424,57,1,0
BRDA:443,58,0,0
BRDA:443,58,1,0
BRDA:456,59,0,0
BRDA:456,59,1,0
BRDA:472,60,0,0
BRDA:472,60,1,0
BRDA:506,61,0,0
BRDA:506,61,1,0
BRDA:515,62,0,0
BRDA:515,62,1,0
BRDA:522,63,0,0
BRDA:522,63,1,0
BRDA:525,64,0,0
BRDA:525,64,1,0
BRDA:536,65,0,0
BRDA:536,65,1,0
BRDA:544,66,0,0
BRDA:544,66,1,0
BRDA:554,67,0,0
BRDA:554,67,1,0
BRDA:578,68,0,0
BRDA:578,68,1,0
BRDA:581,69,0,0
BRDA:581,69,1,0
BRDA:581,70,0,0
BRDA:581,70,1,0
BRDA:593,71,0,0
BRDA:593,71,1,0
BRDA:594,72,0,0
BRDA:594,72,1,0
BRF:146
BRH:0
end_of_record
TN:
SF:src/cli/commands/status.ts
FN:9,registerStatusCommand
FN:14,(anonymous_1)
FN:55,(anonymous_2)
FN:57,(anonymous_3)
FN:71,(anonymous_4)
FN:78,(anonymous_5)
FN:94,(anonymous_6)
FN:104,(anonymous_7)
FN:179,(anonymous_8)
FN:216,(anonymous_9)
FN:218,(anonymous_10)
FN:252,printSection
FN:271,colorByPercent
FNF:13
FNH:0
FNDA:0,registerStatusCommand
FNDA:0,(anonymous_1)
FNDA:0,(anonymous_2)
FNDA:0,(anonymous_3)
FNDA:0,(anonymous_4)
FNDA:0,(anonymous_5)
FNDA:0,(anonymous_6)
FNDA:0,(anonymous_7)
FNDA:0,(anonymous_8)
FNDA:0,(anonymous_9)
FNDA:0,(anonymous_10)
FNDA:0,printSection
FNDA:0,colorByPercent
DA:10,0
DA:15,0
DA:16,0
DA:17,0
DA:19,0
DA:20,0
DA:23,0
DA:24,0
DA:25,0
DA:26,0
DA:29,0
DA:30,0
DA:31,0
DA:33,0
DA:34,0
DA:35,0
DA:37,0
DA:38,0
DA:39,0
DA:41,0
DA:42,0
DA:43,0
DA:44,0
DA:45,0
DA:46,0
DA:50,0
DA:51,0
DA:52,0
DA:53,0
DA:54,0
DA:55,0
DA:56,0
DA:57,0
DA:58,0
DA:63,0
DA:64,0
DA:66,0
DA:67,0
DA:68,0
DA:71,0
DA:72,0
DA:73,0
DA:74,0
DA:75,0
DA:78,0
DA:79,0
DA:80,0
DA:81,0
DA:83,0
DA:84,0
DA:87,0
DA:88,0
DA:94,0
DA:95,0
DA:96,0
DA:97,0
DA:98,0
DA:99,0
DA:104,0
DA:105,0
DA:106,0
DA:107,0
DA:108,0
DA:109,0
DA:114,0
DA:115,0
DA:119,0
DA:120,0
DA:121,0
DA:122,0
DA:123,0
DA:124,0
DA:125,0
DA:126,0
DA:127,0
DA:128,0
DA:129,0
DA:130,0
DA:132,0
DA:135,0
DA:136,0
DA:140,0
DA:141,0
DA:142,0
DA:143,0
DA:144,0
DA:146,0
DA:147,0
DA:148,0
DA:149,0
DA:156,0
DA:157,0
DA:158,0
DA:159,0
DA:160,0
DA:161,0
DA:162,0
DA:163,0
DA:167,0
DA:168,0
DA:170,0
DA:171,0
DA:176,0
DA:178,0
DA:180,0
DA:181,0
DA:182,0
DA:183,0
DA:186,0
DA:190,0
DA:191,0
DA:192,0
DA:193,0
DA:194,0
DA:195,0
DA:196,0
DA:199,0
DA:201,0
DA:207,0
DA:208,0
DA:209,0
DA:210,0
DA:211,0
DA:212,0
DA:213,0
DA:214,0
DA:215,0
DA:216,0
DA:217,0
DA:218,0
DA:219,0
DA:220,0
DA:221,0
DA:225,0
DA:228,0
DA:231,0
DA:232,0
DA:237,0
DA:238,0
DA:240,0
DA:241,0
DA:242,0
DA:247,0
DA:248,0
DA:257,0
DA:258,0
DA:259,0
DA:260,0
DA:261,0
DA:262,0
DA:263,0
DA:265,0
DA:266,0
DA:272,0
DA:273,0
DA:274,0
LF:156
LH:0
BRDA:35,0,0,0
BRDA:35,0,1,0
BRDA:39,1,0,0
BRDA:39,1,1,0
BRDA:45,2,0,0
BRDA:45,2,1,0
BRDA:46,3,0,0
BRDA:46,3,1,0
BRDA:53,4,0,0
BRDA:53,4,1,0
BRDA:56,5,0,0
BRDA:56,5,1,0
BRDA:57,6,0,0
BRDA:57,6,1,0
BRDA:63,7,0,0
BRDA:63,7,1,0
BRDA:72,8,0,0
BRDA:72,8,1,0
BRDA:73,9,0,0
BRDA:73,9,1,0
BRDA:79,10,0,0
BRDA:79,10,1,0
BRDA:83,11,0,0
BRDA:83,11,1,0
BRDA:83,12,0,0
BRDA:83,12,1,0
BRDA:87,13,0,0
BRDA:87,13,1,0
BRDA:87,14,0,0
BRDA:87,14,1,0
BRDA:95,15,0,0
BRDA:95,15,1,0
BRDA:98,16,0,0
BRDA:98,16,1,0
BRDA:105,17,0,0
BRDA:105,17,1,0
BRDA:108,18,0,0
BRDA:108,18,1,0
BRDA:120,19,0,0
BRDA:120,19,1,0
BRDA:122,20,0,0
BRDA:122,20,1,0
BRDA:123,21,0,0
BRDA:123,21,1,0
BRDA:126,22,0,0
BRDA:126,22,1,0
BRDA:126,23,0,0
BRDA:126,23,1,0
BRDA:135,24,0,0
BRDA:135,24,1,0
BRDA:135,25,0,0
BRDA:135,25,1,0
BRDA:146,26,0,0
BRDA:146,26,1,0
BRDA:157,27,0,0
BRDA:157,27,1,0
BRDA:160,28,0,0
BRDA:160,28,1,0
BRDA:163,29,0,0
BRDA:163,29,1,0
BRDA:163,30,0,0
BRDA:163,30,1,0
BRDA:167,31,0,0
BRDA:167,31,1,0
BRDA:167,32,0,0
BRDA:167,32,1,0
BRDA:170,33,0,0
BRDA:170,33,1,0
BRDA:170,34,0,0
BRDA:170,34,1,0
BRDA:178,35,0,0
BRDA:178,35,1,0
BRDA:182,36,0,0
BRDA:182,36,1,0
BRDA:182,37,0,0
BRDA:182,37,1,0
BRDA:190,38,0,0
BRDA:190,38,1,0
BRDA:192,39,0,0
BRDA:192,39,1,0
BRDA:195,40,0,0
BRDA:195,40,1,0
BRDA:199,41,0,0
BRDA:199,41,1,0
BRDA:208,42,0,0
BRDA:208,42,1,0
BRDA:211,43,0,0
BRDA:211,43,1,0
BRDA:214,44,0,0
BRDA:214,44,1,0
BRDA:217,45,0,0
BRDA:217,45,1,0
BRDA:218,46,0,0
BRDA:218,46,1,0
BRDA:219,47,0,0
BRDA:219,47,1,0
BRDA:231,48,0,0
BRDA:231,48,1,0
BRDA:231,49,0,0
BRDA:231,49,1,0
BRDA:237,50,0,0
BRDA:237,50,1,0
BRDA:238,51,0,0
BRDA:238,51,1,0
BRDA:240,52,0,0
BRDA:240,52,1,0
BRDA:240,53,0,0
BRDA:240,53,1,0
BRDA:258,54,0,0
BRDA:258,54,1,0
BRDA:260,55,0,0
BRDA:260,55,1,0
BRDA:261,56,0,0
BRDA:261,56,1,0
BRDA:265,57,0,0
BRDA:265,57,1,0
BRDA:265,58,0,0
BRDA:265,58,1,0
BRDA:272,59,0,0
BRDA:272,59,1,0
BRDA:273,60,0,0
BRDA:273,60,1,0
BRF:122
BRH:0
end_of_record
TN:
SF:src/cli/commands/story.ts
FN:30,registerStoryCommand
FN:43,(anonymous_1)
FN:149,(anonymous_2)
FN:185,createStoriesWithAI
FN:231,(anonymous_4)
FN:244,(anonymous_5)
FN:293,(anonymous_6)
FN:330,createStoryManually
FNF:8
FNH:0
FNDA:0,registerStoryCommand
FNDA:0,(anonymous_1)
FNDA:0,(anonymous_2)
FNDA:0,createStoriesWithAI
FNDA:0,(anonymous_4)
FNDA:0,(anonymous_5)
FNDA:0,(anonymous_6)
FNDA:0,createStoryManually
DA:31,0
DA:33,0
DA:44,0
DA:45,0
DA:48,0
DA:49,0
DA:50,0
DA:52,0
DA:53,0
DA:54,0
DA:57,0
DA:59,0
DA:60,0
DA:61,0
DA:63,0
DA:64,0
DA:65,0
DA:68,0
DA:69,0
DA:70,0
DA:71,0
DA:75,0
DA:76,0
DA:77,0
DA:78,0
DA:79,0
DA:80,0
DA:84,0
DA:85,0
DA:88,0
DA:91,0
DA:92,0
DA:93,0
DA:94,0
DA:96,0
DA:98,0
DA:102,0
DA:103,0
DA:104,0
DA:107,0
DA:108,0
DA:109,0
DA:110,0
DA:113,0
DA:114,0
DA:115,0
DA:118,0
DA:119,0
DA:120,0
DA:121,0
DA:122,0
DA:123,0
DA:127,0
DA:128,0
DA:129,0
DA:130,0
DA:133,0
DA:135,0
DA:136,0
DA:138,0
DA:139,0
DA:141,0
DA:145,0
DA:150,0
DA:151,0
DA:152,0
DA:154,0
DA:155,0
DA:156,0
DA:160,0
DA:161,0
DA:162,0
DA:163,0
DA:164,0
DA:165,0
DA:166,0
DA:169,0
DA:170,0
DA:171,0
DA:175,0
DA:176,0
DA:177,0
DA:190,0
DA:192,0
DA:193,0
DA:194,0
DA:195,0
DA:199,0
DA:200,0
DA:201,0
DA:202,0
DA:203,0
DA:207,0
DA:208,0
DA:209,0
DA:210,0
DA:211,0
DA:212,0
DA:216,0
DA:217,0
DA:218,0
DA:219,0
DA:221,0
DA:225,0
DA:226,0
DA:227,0
DA:231,0
DA:233,0
DA:235,0
DA:236,0
DA:237,0
DA:238,0
DA:243,0
DA:244,0
DA:245,0
DA:246,0
DA:247,0
DA:248,0
DA:250,0
DA:252,0
DA:257,0
DA:258,0
DA:259,0
DA:262,0
DA:263,0
DA:264,0
DA:266,0
DA:268,0
DA:285,0
DA:293,0
DA:302,0
DA:303,0
DA:305,0
DA:306,0
DA:307,0
DA:308,0
DA:311,0
DA:312,0
DA:313,0
DA:316,0
DA:318,0
DA:320,0
DA:321,0
DA:322,0
DA:324,0
DA:326,0
DA:335,0
DA:337,0
DA:338,0
DA:339,0
DA:340,0
DA:341,0
DA:343,0
DA:349,0
DA:366,0
DA:367,0
DA:386,0
DA:387,0
DA:389,0
DA:390,0
DA:391,0
DA:392,0
DA:393,0
DA:394,0
LF:164
LH:0
BRDA:48,0,0,0
BRDA:48,0,1,0
BRDA:48,1,0,0
BRDA:48,1,1,0
BRDA:52,2,0,0
BRDA:52,2,1,0
BRDA:52,3,0,0
BRDA:52,3,1,0
BRDA:57,4,0,0
BRDA:57,4,1,0
BRDA:59,5,0,0
BRDA:59,5,1,0
BRDA:63,6,0,0
BRDA:63,6,1,0
BRDA:69,7,0,0
BRDA:69,7,1,0
BRDA:79,8,0,0
BRDA:79,8,1,0
BRDA:79,9,0,0
BRDA:79,9,1,0
BRDA:80,10,0,0
BRDA:80,10,1,0
BRDA:84,11,0,0
BRDA:84,11,1,0
BRDA:102,12,0,0
BRDA:102,12,1,0
BRDA:128,13,0,0
BRDA:128,13,1,0
BRDA:133,14,0,0
BRDA:133,14,1,0
BRDA:135,15,0,0
BRDA:135,15,1,0
BRDA:138,16,0,0
BRDA:138,16,1,0
BRDA:138,17,0,0
BRDA:138,17,1,0
BRDA:154,18,0,0
BRDA:154,18,1,0
BRDA:161,19,0,0
BRDA:161,19,1,0
BRDA:165,20,0,0
BRDA:165,20,1,0
BRDA:165,21,0,0
BRDA:165,21,1,0
BRDA:169,22,0,0
BRDA:169,22,1,0
BRDA:193,23,0,0
BRDA:193,23,1,0
BRDA:202,24,0,0
BRDA:202,24,1,0
BRDA:203,25,0,0
BRDA:203,25,1,0
BRDA:211,26,0,0
BRDA:211,26,1,0
BRDA:211,27,0,0
BRDA:211,27,1,0
BRDA:212,28,0,0
BRDA:212,28,1,0
BRDA:216,29,0,0
BRDA:216,29,1,0
BRDA:225,30,0,0
BRDA:225,30,1,0
BRDA:257,31,0,0
BRDA:257,31,1,0
BRDA:280,32,0,0
BRDA:280,32,1,0
BRDA:321,33,0,0
BRDA:321,33,1,0
BRDA:337,34,0,0
BRDA:337,34,1,0
BRDA:361,35,0,0
BRDA:361,35,1,0
BRF:72
BRH:0
end_of_record
TN:
SF:src/cli/commands/sync.ts
FN:24,registerSyncCommand
FN:29,(anonymous_1)
FN:89,syncParentChildLinks
FN:162,(anonymous_3)
FN:165,(anonymous_4)
FN:167,(anonymous_5)
FN:194,(anonymous_6)
FN:217,extractLinkedIds
FN:237,buildLinksSection
FN:276,replaceSection
FNF:10
FNH:0
FNDA:0,registerSyncCommand
FNDA:0,(anonymous_1)
FNDA:0,syncParentChildLinks
FNDA:0,(anonymous_3)
FNDA:0,(anonymous_4)
FNDA:0,(anonymous_5)
FNDA:0,(anonymous_6)
FNDA:0,extractLinkedIds
FNDA:0,buildLinksSection
FNDA:0,replaceSection
DA:25,0
DA:30,0
DA:31,0
DA:32,0
DA:34,0
DA:35,0
DA:37,0
DA:40,0
DA:42,0
DA:45,0
DA:54,0
DA:63,0
DA:71,0
DA:72,0
DA:73,0
DA:74,0
DA:76,0
DA:94,0
DA:95,0
DA:96,0
DA:99,0
DA:100,0
DA:105,0
DA:106,0
DA:107,0
DA:108,0
DA:109,0
DA:110,0
DA:111,0
DA:112,0
DA:114,0
DA:119,0
DA:120,0
DA:121,0
DA:123,0
DA:125,0
DA:127,0
DA:129,0
DA:130,0
DA:132,0
DA:137,0
DA:138,0
DA:139,0
DA:140,0
DA:141,0
DA:142,0
DA:143,0
DA:145,0
DA:152,0
DA:153,0
DA:154,0
DA:156,0
DA:159,0
DA:162,0
DA:165,0
DA:167,0
DA:168,0
DA:170,0
DA:171,0
DA:175,0
DA:176,0
DA:177,0
DA:178,0
DA:180,0
DA:181,0
DA:182,0
DA:183,0
DA:185,0
DA:186,0
DA:187,0
DA:188,0
DA:191,0
DA:194,0
DA:195,0
DA:196,0
DA:197,0
DA:207,0
DA:208,0
DA:211,0
DA:218,0
DA:219,0
DA:221,0
DA:222,0
DA:223,0
DA:225,0
DA:226,0
DA:227,0
DA:228,0
DA:231,0
DA:246,0
DA:247,0
DA:252,0
DA:253,0
DA:254,0
DA:257,0
DA:262,0
DA:264,0
DA:265,0
DA:266,0
DA:267,0
DA:268,0
DA:270,0
DA:277,0
DA:278,0
DA:280,0
DA:281,0
DA:284,0
DA:285,0
DA:286,0
DA:287,0
DA:290,0
LF:111
LH:0
BRDA:34,0,0,0
BRDA:34,0,1,0
BRDA:71,1,0,0
BRDA:71,1,1,0
BRDA:73,2,0,0
BRDA:73,2,1,0
BRDA:105,3,0,0
BRDA:105,3,1,0
BRDA:105,4,0,0
BRDA:105,4,1,0
BRDA:110,5,0,0
BRDA:110,5,1,0
BRDA:111,6,0,0
BRDA:111,6,1,0
BRDA:121,7,0,0
BRDA:121,7,1,0
BRDA:123,8,0,0
BRDA:123,8,1,0
BRDA:127,9,0,0
BRDA:127,9,1,0
BRDA:129,10,0,0
BRDA:129,10,1,0
BRDA:137,11,0,0
BRDA:137,11,1,0
BRDA:137,12,0,0
BRDA:137,12,1,0
BRDA:137,12,2,0
BRDA:139,13,0,0
BRDA:139,13,1,0
BRDA:140,14,0,0
BRDA:140,14,1,0
BRDA:142,15,0,0
BRDA:142,15,1,0
BRDA:154,16,0,0
BRDA:154,16,1,0
BRDA:156,17,0,0
BRDA:156,17,1,0
BRDA:170,18,0,0
BRDA:170,18,1,0
BRDA:170,19,0,0
BRDA:170,19,1,0
BRDA:170,19,2,0
BRDA:176,20,0,0
BRDA:176,20,1,0
BRDA:181,21,0,0
BRDA:181,21,1,0
BRDA:185,22,0,0
BRDA:185,22,1,0
BRDA:186,23,0,0
BRDA:186,23,1,0
BRDA:191,24,0,0
BRDA:191,24,1,0
BRDA:219,25,0,0
BRDA:219,25,1,0
BRDA:226,26,0,0
BRDA:226,26,1,0
BRDA:226,27,0,0
BRDA:226,27,1,0
BRDA:228,28,0,0
BRDA:228,28,1,0
BRDA:246,29,0,0
BRDA:246,29,1,0
BRDA:252,30,0,0
BRDA:252,30,1,0
BRDA:253,31,0,0
BRDA:253,31,1,0
BRDA:262,32,0,0
BRDA:262,32,1,0
BRDA:267,33,0,0
BRDA:267,33,1,0
BRDA:278,34,0,0
BRDA:278,34,1,0
BRDA:286,35,0,0
BRDA:286,35,1,0
BRDA:286,36,0,0
BRDA:286,36,1,0
BRF:76
BRH:0
end_of_record
TN:
SF:src/cli/commands/task.ts
FN:39,registerTaskCommand
FN:52,(anonymous_1)
FN:101,(anonymous_2)
FN:122,(anonymous_3)
FN:183,(anonymous_4)
FN:231,buildArtifactSources
FN:261,createTasksWithAI
FN:357,createTasksFromFeature
FN:461,createTasksManually
FN:474,(anonymous_9)
FNF:10
FNH:0
FNDA:0,registerTaskCommand
FNDA:0,(anonymous_1)
FNDA:0,(anonymous_2)
FNDA:0,(anonymous_3)
FNDA:0,(anonymous_4)
FNDA:0,buildArtifactSources
FNDA:0,createTasksWithAI
FNDA:0,createTasksFromFeature
FNDA:0,createTasksManually
FNDA:0,(anonymous_9)
DA:40,0
DA:42,0
DA:53,0
DA:54,0
DA:56,0
DA:57,0
DA:58,0
DA:61,0
DA:62,0
DA:63,0
DA:64,0
DA:65,0
DA:68,0
DA:69,0
DA:72,0
DA:74,0
DA:75,0
DA:79,0
DA:80,0
DA:81,0
DA:82,0
DA:85,0
DA:87,0
DA:88,0
DA:90,0
DA:91,0
DA:93,0
DA:97,0
DA:102,0
DA:103,0
DA:104,0
DA:106,0
DA:107,0
DA:108,0
DA:111,0
DA:112,0
DA:113,0
DA:117,0
DA:123,0
DA:124,0
DA:126,0
DA:129,0
DA:131,0
DA:133,0
DA:134,0
DA:135,0
DA:136,0
DA:138,0
DA:142,0
DA:144,0
DA:145,0
DA:152,0
DA:153,0
DA:154,0
DA:155,0
DA:158,0
DA:159,0
DA:160,0
DA:161,0
DA:162,0
DA:163,0
DA:164,0
DA:165,0
DA:168,0
DA:173,0
DA:184,0
DA:185,0
DA:187,0
DA:189,0
DA:190,0
DA:191,0
DA:193,0
DA:194,0
DA:195,0
DA:196,0
DA:200,0
DA:201,0
DA:202,0
DA:205,0
DA:207,0
DA:208,0
DA:209,0
DA:216,0
DA:235,0
DA:236,0
DA:237,0
DA:239,0
DA:240,0
DA:245,0
DA:246,0
DA:248,0
DA:249,0
DA:251,0
DA:252,0
DA:254,0
DA:262,0
DA:265,0
DA:266,0
DA:267,0
DA:268,0
DA:269,0
DA:270,0
DA:273,0
DA:274,0
DA:275,0
DA:276,0
DA:278,0
DA:279,0
DA:280,0
DA:281,0
DA:285,0
DA:287,0
DA:288,0
DA:290,0
DA:298,0
DA:299,0
DA:301,0
DA:302,0
DA:303,0
DA:304,0
DA:307,0
DA:311,0
DA:312,0
DA:314,0
DA:315,0
DA:317,0
DA:318,0
DA:319,0
DA:322,0
DA:323,0
DA:324,0
DA:326,0
DA:342,0
DA:343,0
DA:344,0
DA:345,0
DA:346,0
DA:347,0
DA:349,0
DA:362,0
DA:365,0
DA:366,0
DA:367,0
DA:368,0
DA:369,0
DA:370,0
DA:373,0
DA:374,0
DA:375,0
DA:376,0
DA:378,0
DA:379,0
DA:380,0
DA:381,0
DA:385,0
DA:387,0
DA:388,0
DA:390,0
DA:398,0
DA:399,0
DA:401,0
DA:402,0
DA:403,0
DA:404,0
DA:407,0
DA:411,0
DA:412,0
DA:414,0
DA:415,0
DA:417,0
DA:418,0
DA:419,0
DA:422,0
DA:423,0
DA:424,0
DA:426,0
DA:443,0
DA:444,0
DA:447,0
DA:448,0
DA:449,0
DA:450,0
DA:451,0
DA:453,0
DA:466,0
DA:468,0
DA:469,0
DA:474,0
DA:481,0
DA:482,0
DA:495,0
DA:496,0
DA:497,0
DA:498,0
DA:499,0
DA:500,0
LF:196
LH:0
BRDA:56,0,0,0
BRDA:56,0,1,0
BRDA:56,1,0,0
BRDA:56,1,1,0
BRDA:61,2,0,0
BRDA:61,2,1,0
BRDA:63,3,0,0
BRDA:63,3,1,0
BRDA:68,4,0,0
BRDA:68,4,1,0
BRDA:80,5,0,0
BRDA:80,5,1,0
BRDA:85,6,0,0
BRDA:85,6,1,0
BRDA:87,7,0,0
BRDA:87,7,1,0
BRDA:90,8,0,0
BRDA:90,8,1,0
BRDA:90,9,0,0
BRDA:90,9,1,0
BRDA:106,10,0,0
BRDA:106,10,1,0
BRDA:131,11,0,0
BRDA:131,11,1,0
BRDA:133,12,0,0
BRDA:133,12,1,0
BRDA:144,13,0,0
BRDA:144,13,1,0
BRDA:152,14,0,0
BRDA:152,14,1,0
BRDA:158,15,0,0
BRDA:158,15,1,0
BRDA:189,16,0,0
BRDA:189,16,1,0
BRDA:195,17,0,0
BRDA:195,17,1,0
BRDA:195,18,0,0
BRDA:195,18,1,0
BRDA:200,19,0,0
BRDA:200,19,1,0
BRDA:245,20,0,0
BRDA:245,20,1,0
BRDA:248,21,0,0
BRDA:248,21,1,0
BRDA:269,22,0,0
BRDA:269,22,1,0
BRDA:269,23,0,0
BRDA:269,23,1,0
BRDA:270,24,0,0
BRDA:270,24,1,0
BRDA:273,25,0,0
BRDA:273,25,1,0
BRDA:279,26,0,0
[...]
FN:104,generateCore
FN:173,generateJSON
FN:185,(anonymous_7)
FN:194,generateStreamingJSON
FN:206,(anonymous_9)
FN:221,extractJSON
FN:229,accumulateUsage
FN:236,tryParseAndValidate
FN:249,(anonymous_13)
FNF:14
FNH:11
FNDA:0,getAIProvider
FNDA:0,isAIConfigured
FNDA:0,streamToTerminal
FNDA:6,throwTruncationError
FNDA:11,checkTruncation
FNDA:8,generateCore
FNDA:6,generateJSON
FNDA:6,(anonymous_7)
FNDA:2,generateStreamingJSON
FNDA:2,(anonymous_9)
FNDA:5,extractJSON
FNDA:11,accumulateUsage
FNDA:5,tryParseAndValidate
FNDA:6,(anonymous_13)
DA:27,0
DA:28,0
DA:34,0
DA:36,0
DA:43,0
DA:44,0
DA:51,0
DA:59,0
DA:61,0
DA:62,0
DA:63,0
DA:67,0
DA:68,0
DA:83,6
DA:84,6
DA:85,6
DA:93,11
DA:94,6
DA:111,8
DA:113,8
DA:114,8
DA:116,8
DA:117,8
DA:118,8
DA:119,8
DA:121,8
DA:122,8
DA:123,1
DA:124,1
DA:128,3
DA:129,3
DA:138,3
DA:139,3
DA:140,3
DA:141,3
DA:143,3
DA:144,3
DA:145,1
DA:146,1
DA:149,0
DA:150,0
DA:155,6
DA:156,6
DA:179,6
DA:185,6
DA:186,6
DA:200,2
DA:206,2
DA:207,2
DA:208,2
DA:209,2
DA:210,2
DA:212,2
DA:223,5
DA:224,5
DA:225,5
DA:230,11
DA:231,11
DA:232,11
DA:240,5
DA:241,5
DA:242,5
DA:243,5
DA:245,5
DA:246,2
DA:249,6
DA:250,3
DA:252,0
LF:68
LH:52
BRDA:27,0,0,0
BRDA:27,0,1,0
BRDA:51,1,0,0
BRDA:51,1,1,0
BRDA:82,2,0,6
BRDA:83,3,0,2
BRDA:83,3,1,4
BRDA:84,4,0,6
BRDA:84,4,1,0
BRDA:92,5,0,11
BRDA:93,6,0,6
BRDA:93,6,1,5
BRDA:122,7,0,1
BRDA:122,7,1,7
BRDA:144,8,0,1
BRDA:144,8,1,2
BRDA:224,9,0,0
BRDA:224,9,1,5
BRDA:230,10,0,11
BRDA:230,10,1,0
BRDA:245,11,0,2
BRDA:245,11,1,3
BRF:22
BRH:15
end_of_record
TN:
SF:src/services/artifact-gathering.ts
FN:42,gatherStoryArtifacts
FN:95,gatherFeatureArtifacts
FN:140,(anonymous_2)
FN:157,findGherkinContent
FN:171,readAllADRs
FN:197,buildCodebaseStr
FNF:6
FNH:0
FNDA:0,gatherStoryArtifacts
FNDA:0,gatherFeatureArtifacts
FNDA:0,(anonymous_2)
FNDA:0,findGherkinContent
FNDA:0,readAllADRs
FNDA:0,buildCodebaseStr
DA:47,0
DA:48,0
DA:50,0
DA:53,0
DA:54,0
DA:55,0
DA:56,0
DA:60,0
DA:61,0
DA:65,0
DA:66,0
DA:67,0
DA:68,0
DA:69,0
DA:70,0
DA:75,0
DA:78,0
DA:80,0
DA:100,0
DA:101,0
DA:104,0
DA:105,0
DA:107,0
DA:108,0
DA:112,0
DA:113,0
DA:114,0
DA:116,0
DA:117,0
DA:118,0
DA:119,0
DA:120,0
DA:121,0
DA:122,0
DA:123,0
DA:124,0
DA:130,0
DA:131,0
DA:137,0
DA:140,0
DA:141,0
DA:143,0
DA:162,0
DA:163,0
DA:164,0
DA:165,0
DA:175,0
DA:176,0
DA:177,0
DA:178,0
DA:179,0
DA:180,0
DA:183,0
DA:186,0
DA:201,0
DA:202,0
DA:205,0
DA:206,0
DA:207,0
DA:209,0
DA:210,0
LF:61
LH:0
BRDA:48,0,0,0
BRDA:48,0,1,0
BRDA:55,1,0,0
BRDA:55,1,1,0
BRDA:65,2,0,0
BRDA:65,2,1,0
BRDA:66,3,0,0
BRDA:66,3,1,0
BRDA:69,4,0,0
BRDA:69,4,1,0
BRDA:70,5,0,0
BRDA:70,5,1,0
BRDA:78,6,0,0
BRDA:78,6,1,0
BRDA:101,7,0,0
BRDA:101,7,1,0
BRDA:107,8,0,0
BRDA:107,8,1,0
BRDA:108,9,0,0
BRDA:108,9,1,0
BRDA:118,10,0,0
BRDA:118,10,1,0
BRDA:118,11,0,0
BRDA:118,11,1,0
BRDA:120,12,0,0
BRDA:120,12,1,0
BRDA:123,13,0,0
BRDA:123,13,1,0
BRDA:130,14,0,0
BRDA:130,14,1,0
BRDA:164,15,0,0
BRDA:164,15,1,0
BRDA:180,16,0,0
BRDA:180,16,1,0
BRF:34
BRH:0
end_of_record
TN:
SF:src/services/artifact-service.ts
FN:22,getArtifactDir
FN:26,createArtifact
FN:60,listArtifacts
FN:82,readArtifact
FN:103,readArtifactRaw
FN:119,updateArtifact
FN:139,resolveArtifactFilename
FN:161,addChildReference
FN:227,findArtifactTypeById
FN:245,getParentChain
FNF:10
FNH:8
FNDA:73,getArtifactDir
FNDA:0,createArtifact
FNDA:7,listArtifacts
FNDA:8,readArtifact
FNDA:28,readArtifactRaw
FNDA:13,updateArtifact
FNDA:11,resolveArtifactFilename
FNDA:10,addChildReference
FNDA:11,findArtifactTypeById
FNDA:0,getParentChain
DA:10,4
DA:23,73
DA:33,0
DA:34,0
DA:36,0
DA:37,0
DA:38,0
DA:39,0
DA:40,0
DA:41,0
DA:42,0
DA:44,0
DA:55,0
DA:56,0
DA:57,0
DA:65,7
DA:66,7
DA:67,7
DA:69,7
DA:70,12
DA:71,12
DA:72,10
DA:79,7
DA:88,8
DA:89,8
DA:90,8
DA:92,6
DA:93,6
DA:94,6
DA:95,6
DA:96,6
DA:109,28
DA:110,28
DA:111,28
DA:113,26
DA:126,13
DA:127,13
DA:128,13
DA:130,12
DA:131,12
DA:145,11
DA:146,11
DA:147,11
DA:148,1
DA:170,10
DA:171,10
DA:173,9
DA:174,9
DA:175,10
DA:178,10
DA:181,10
DA:183,7
DA:187,2
DA:192,2
DA:193,2
DA:195,2
DA:196,2
DA:199,2
DA:200,2
DA:201,2
DA:202,2
DA:203,4
DA:204,2
DA:205,2
DA:206,0
DA:210,2
DA:212,2
DA:213,2
DA:216,0
DA:217,0
DA:221,9
DA:228,11
DA:229,11
DA:239,11
DA:259,0
DA:261,0
DA:262,0
DA:264,0
DA:265,0
DA:266,0
DA:267,0
DA:268,0
DA:269,0
DA:270,0
DA:271,0
DA:272,0
DA:273,0
DA:274,0
DA:275,0
DA:276,0
DA:277,0
DA:278,0
DA:284,0
DA:285,0
DA:286,0
DA:287,0
DA:288,0
DA:289,0
DA:290,0
DA:291,0
DA:292,0
DA:293,0
DA:297,0
DA:298,0
DA:299,0
DA:300,0
DA:301,0
DA:305,0
LF:108
LH:58
BRDA:23,0,0,73
BRDA:23,0,1,0
BRDA:37,1,0,0
BRDA:37,1,1,0
BRDA:39,2,0,0
BRDA:39,2,1,0
BRDA:71,3,0,10
BRDA:71,3,1,2
BRDA:90,4,0,2
BRDA:90,4,1,6
BRDA:111,5,0,2
BRDA:111,5,1,26
BRDA:128,6,0,1
BRDA:128,6,1,12
BRDA:147,7,0,10
BRDA:147,7,1,1
BRDA:171,8,0,1
BRDA:171,8,1,9
BRDA:174,9,0,9
BRDA:174,9,1,0
BRDA:181,10,0,7
BRDA:181,10,1,2
BRDA:193,11,0,0
BRDA:193,11,1,2
BRDA:196,12,0,0
BRDA:196,12,1,2
BRDA:203,13,0,2
BRDA:203,13,1,2
BRDA:205,14,0,0
BRDA:205,14,1,2
BRDA:205,15,0,2
BRDA:205,15,1,2
BRDA:205,15,2,2
BRDA:210,16,0,2
BRDA:210,16,1,0
BRDA:239,17,0,11
BRDA:239,17,1,2
BRDA:262,18,0,0
BRDA:262,18,1,0
BRDA:264,19,0,0
BRDA:264,19,1,0
BRDA:266,20,0,0
BRDA:266,20,1,0
BRDA:268,21,0,0
BRDA:268,21,1,0
BRDA:271,22,0,0
BRDA:271,22,1,0
BRDA:273,23,0,0
BRDA:273,23,1,0
BRDA:276,24,0,0
BRDA:276,24,1,0
BRDA:278,25,0,0
BRDA:278,25,1,0
BRDA:284,26,0,0
BRDA:284,26,1,0
BRDA:286,27,0,0
BRDA:286,27,1,0
BRDA:288,28,0,0
BRDA:288,28,1,0
BRDA:291,29,0,0
BRDA:291,29,1,0
BRDA:293,30,0,0
BRDA:293,30,1,0
BRDA:297,31,0,0
BRDA:297,31,1,0
BRDA:299,32,0,0
BRDA:299,32,1,0
BRDA:301,33,0,0
BRDA:301,33,1,0
BRF:69
BRH:27
end_of_record
TN:
SF:src/services/checklist-service.ts
FN:15,getChecklistPath
FN:19,createChecklist
FN:36,readChecklist
FN:45,resetChecklist
FN:53,parseChecklistItems
FN:77,toggleChecklistItems
FN:97,getChecklistProgress
FN:103,(anonymous_7)
FNF:8
FNH:8
FNDA:6,getChecklistPath
FNDA:2,createChecklist
FNDA:3,readChecklist
FNDA:1,resetChecklist
FNDA:15,parseChecklistItems
FNDA:4,toggleChecklistItems
FNDA:4,getChecklistProgress
FNDA:15,(anonymous_7)
DA:6,1
DA:16,6
DA:23,2
DA:24,2
DA:32,2
DA:33,2
DA:40,3
DA:41,3
DA:42,2
DA:46,1
DA:54,15
DA:55,15
DA:57,15
DA:58,255
DA:60,255
DA:61,255
DA:62,70
DA:71,15
DA:82,4
DA:84,4
DA:85,20
DA:86,5
DA:87,5
DA:91,4
DA:102,4
DA:103,15
DA:104,4
DA:105,4
LF:28
LH:28
BRDA:41,0,0,1
BRDA:41,0,1,2
BRDA:61,1,0,70
BRDA:61,1,1,185
BRDA:85,2,0,5
BRDA:85,2,1,15
BRDA:86,3,0,2
BRDA:86,3,1,3
BRDA:104,4,0,3
BRDA:104,4,1,1
BRF:10
BRH:10
end_of_record
TN:
SF:src/services/config-service.ts
FN:7,loadConfig
FN:18,saveConfig
FN:23,createDefaultConfig
FNF:3
FNH:3
FNDA:5,loadConfig
FNDA:2,saveConfig
FNDA:23,createDefaultConfig
DA:8,5
DA:9,5
DA:10,5
DA:11,1
DA:13,4
DA:14,4
DA:15,4
DA:19,2
DA:20,2
DA:24,23
LF:10
LH:10
BRDA:10,0,0,1
BRDA:10,0,1,4
BRF:2
BRH:2
end_of_record
TN:
SF:src/services/credential-backends.ts
FN:41,pathExists
FN:43,(anonymous_1)
FN:44,(anonymous_2)
FN:57,(anonymous_3)
FN:75,(anonymous_4)
FN:86,(anonymous_5)
FN:92,(anonymous_6)
FN:112,deriveKey
FN:118,getSalt
FN:137,encrypt
FN:149,decrypt
FN:162,(anonymous_11)
FN:166,(anonymous_12)
FN:192,(anonymous_13)
FN:203,(anonymous_14)
FN:208,(anonymous_15)
FN:214,(anonymous_16)
FN:230,(anonymous_17)
FN:234,(anonymous_18)
FN:246,(anonymous_19)
FNF:20
FNH:12
FNDA:27,pathExists
FNDA:27,(anonymous_1)
FNDA:0,(anonymous_2)
FNDA:0,(anonymous_3)
FNDA:0,(anonymous_4)
FNDA:0,(anonymous_5)
FNDA:0,(anonymous_6)
FNDA:16,deriveKey
FNDA:16,getSalt
FNDA:5,encrypt
FNDA:11,decrypt
FNDA:1,(anonymous_11)
FNDA:11,(anonymous_12)
FNDA:5,(anonymous_13)
FNDA:4,(anonymous_14)
FNDA:3,(anonymous_15)
FNDA:4,(anonymous_16)
FNDA:0,(anonymous_17)
FNDA:0,(anonymous_18)
FNDA:0,(anonymous_19)
DA:34,2
DA:35,2
DA:42,27
DA:43,27
DA:44,0
DA:52,2
DA:55,2
DA:58,0
DA:60,0
DA:61,0
DA:63,0
DA:64,0
DA:65,0
DA:66,0
DA:68,0
DA:69,0
DA:72,0
DA:76,0
DA:77,0
DA:78,0
DA:79,0
DA:81,0
DA:82,0
DA:87,0
DA:88,0
DA:89,0
DA:93,0
DA:94,0
DA:95,0
DA:96,0
DA:98,0
DA:99,0
DA:108,2
DA:109,2
DA:113,16
DA:114,16
DA:119,16
DA:121,16
DA:122,16
DA:123,16
DA:126,0
DA:127,0
DA:128,0
DA:138,5
DA:139,5
DA:140,5
DA:141,5
DA:142,5
DA:150,11
DA:151,11
DA:152,11
DA:156,11
DA:160,5
DA:163,1
DA:167,11
DA:169,11
DA:170,11
DA:171,11
DA:172,11
DA:173,11
DA:174,11
DA:175,11
DA:177,0
DA:180,0
DA:181,0
DA:182,0
DA:183,0
DA:185,0
DA:188,0
DA:193,5
DA:194,5
DA:195,5
DA:196,5
DA:197,5
DA:204,4
DA:205,4
DA:209,3
DA:210,3
DA:211,3
DA:215,4
DA:216,4
DA:217,2
DA:218,2
DA:219,2
DA:227,2
DA:231,0
DA:235,0
DA:237,0
DA:238,0
DA:239,0
DA:241,0
DA:242,0
DA:247,0
DA:248,0
DA:250,0
DA:260,2
DA:261,2
DA:262,2
LF:98
LH:52
BRDA:58,0,0,0
BRDA:58,0,1,0
BRDA:79,1,0,0
BRDA:79,1,1,0
BRDA:121,2,0,16
BRDA:121,2,1,0
BRDA:167,3,0,0
BRDA:167,3,1,11
BRDA:216,4,0,2
BRDA:216,4,1,2
BRDA:235,5,0,0
BRDA:235,5,1,0
BRF:12
BRH:4
end_of_record
TN:
SF:src/services/credentials-service.ts
FN:29,migrateCredentials
FN:72,resolveApiKey
FN:96,resolveApiKeySource
FN:125,saveCredential
FN:142,clearCredential
FN:151,loadCredentials
FN:172,_resetMigration
FNF:7
FNH:5
FNDA:10,migrateCredentials
FNDA:6,resolveApiKey
FNDA:4,resolveApiKeySource
FNDA:3,saveCredential
FNDA:0,clearCredential
FNDA:0,loadCredentials
FNDA:13,_resetMigration
DA:23,2
DA:30,10
DA:33,10
DA:35,10
DA:36,10
DA:38,0
DA:39,0
DA:40,0
DA:41,0
DA:42,0
DA:46,0
DA:47,0
DA:51,0
DA:52,0
DA:54,0
DA:56,0
DA:57,0
DA:74,6
DA:77,6
DA:78,6
DA:79,3
DA:83,3
DA:84,1
DA:85,1
DA:89,2
DA:90,2
DA:92,1
DA:100,4
DA:103,4
DA:104,4
DA:105,1
DA:109,3
DA:110,1
DA:111,1
DA:115,2
DA:116,2
DA:118,1
DA:126,3
DA:127,2
DA:128,2
DA:129,1
DA:131,1
DA:137,2
DA:138,2
DA:143,0
DA:144,0
DA:152,0
DA:155,0
DA:156,0
DA:157,0
DA:161,0
DA:162,0
DA:163,0
DA:164,0
DA:168,0
DA:173,13
LF:56
LH:33
BRDA:30,0,0,0
BRDA:30,0,1,10
BRDA:36,1,0,10
BRDA:36,1,1,0
BRDA:40,2,0,0
BRDA:40,2,1,0
BRDA:78,3,0,3
BRDA:78,3,1,3
BRDA:78,4,0,6
BRDA:78,4,1,5
BRDA:83,5,0,1
BRDA:83,5,1,2
BRDA:85,6,0,1
BRDA:85,6,1,0
BRDA:90,7,0,1
BRDA:90,7,1,1
BRDA:104,8,0,1
BRDA:104,8,1,3
BRDA:104,9,0,4
BRDA:104,9,1,3
BRDA:105,10,0,1
BRDA:105,10,1,0
BRDA:109,11,0,1
BRDA:109,11,1,2
BRDA:111,12,0,1
BRDA:111,12,1,0
BRDA:116,13,0,1
BRDA:116,13,1,1
BRDA:126,14,0,2
BRDA:126,14,1,1
BRDA:157,15,0,0
BRDA:157,15,1,0
BRDA:161,16,0,0
BRDA:161,16,1,0
BRDA:164,17,0,0
BRDA:164,17,1,0
BRF:36
BRH:23
end_of_record
TN:
SF:src/services/github-service.ts
FN:68,ensureGhCli
FN:81,ensureGhAuth
FN:93,gh
FN:124,ghJSON
FN:130,withTempFile
FN:137,(anonymous_5)
FN:148,verifyGitHubRepo
FN:164,ensureLabel
FN:186,getLabelForType
FN:195,removeH1
FN:197,(anonymous_10)
FN:203,stripRelativeLinks
FN:211,extractSection
FN:213,(anonymous_13)
FN:230,removeSection
FN:236,buildMetadataTable
FN:237,(anonymous_16)
FN:240,(anonymous_17)
FN:245,buildFooter
FN:256,cleanTitle
FN:265,buildTaskBody
FN:309,buildEpicBody
FN:317,buildFeatureBody
FN:326,buildStoryBody
FN:342,buildIssueBody
FN:377,createIssue
FN:383,(anonymous_26)
FN:400,updateIssue
FN:409,(anonymous_28)
FN:428,getIssue
FN:441,listPlanrIssues
FN:463,ensureMilestone
FN:470,(anonymous_32)
FN:499,issueStateToStatus
FN:506,statusToIssueState
FN:513,getTypeFromLabels
FNF:36
FNH:0
FNDA:0,ensureGhCli
FNDA:0,ensureGhAuth
FNDA:0,gh
FNDA:0,ghJSON
FNDA:0,withTempFile
FNDA:0,(anonymous_5)
FNDA:0,verifyGitHubRepo
FNDA:0,ensureLabel
FNDA:0,getLabelForType
FNDA:0,removeH1
FNDA:0,(anonymous_10)
FNDA:0,stripRelativeLinks
FNDA:0,extractSection
FNDA:0,(anonymous_13)
FNDA:0,removeSection
FNDA:0,buildMetadataTable
FNDA:0,(anonymous_16)
FNDA:0,(anonymous_17)
FNDA:0,buildFooter
FNDA:0,cleanTitle
FNDA:0,buildTaskBody
FNDA:0,buildEpicBody
FNDA:0,buildFeatureBody
FNDA:0,buildStoryBody
FNDA:0,buildIssueBody
FNDA:0,createIssue
FNDA:0,(anonymous_26)
FNDA:0,updateIssue
FNDA:0,(anonymous_28)
FNDA:0,getIssue
FNDA:0,listPlanrIssues
FNDA:0,ensureMilestone
FNDA:0,(anonymous_32)
FNDA:0,issueStateToStatus
FNDA:0,statusToIssueState
FNDA:0,getTypeFromLabels
DA:19,0
DA:37,0
DA:45,0
DA:53,0
DA:58,0
DA:69,0
DA:70,0
DA:71,0
DA:78,0
DA:82,0
DA:83,0
DA:85,0
DA:86,0
DA:94,0
DA:95,0
DA:96,0
DA:97,0
DA:99,0
DA:100,0
DA:102,0
DA:103,0
DA:108,0
DA:109,0
DA:114,0
DA:115,0
DA:120,0
DA:125,0
DA:126,0
DA:131,0
DA:132,0
DA:133,0
DA:134,0
DA:135,0
DA:137,0
DA:149,0
DA:150,0
DA:151,0
DA:157,0
DA:158,0
DA:165,0
DA:166,0
DA:167,0
DA:178,0
DA:187,0
DA:196,0
DA:197,0
DA:198,0
DA:199,0
DA:204,0
DA:212,0
DA:213,0
DA:214,0
DA:216,0
DA:217,0
DA:218,0
DA:219,0
DA:220,0
DA:224,0
DA:225,0
DA:226,0
DA:231,0
DA:232,0
DA:237,0
DA:238,0
DA:239,0
DA:240,0
DA:241,0
DA:246,0
DA:257,0
DA:258,0
DA:266,0
DA:272,0
DA:275,0
DA:278,0
DA:281,0
DA:282,0
DA:283,0
DA:284,0
DA:287,0
DA:290,0
DA:291,0
DA:292,0
DA:293,0
DA:297,0
DA:306,0
DA:310,0
DA:314,0
DA:318,0
DA:323,0
DA:327,0
DA:331,0
DA:348,0
DA:349,0
DA:350,0
DA:353,0
DA:356,0
DA:357,0
DA:359,0
DA:360,0
DA:362,0
DA:363,0
DA:365,0
DA:366,0
DA:368,0
DA:371,0
DA:383,0
DA:384,0
DA:385,0
DA:386,0
DA:388,0
DA:389,0
DA:391,0
DA:392,0
DA:393,0
DA:404,0
DA:405,0
DA:406,0
DA:408,0
DA:409,0
DA:410,0
DA:411,0
DA:414,0
DA:418,0
DA:419,0
DA:420,0
DA:421,0
DA:429,0
DA:445,0
DA:446,0
DA:465,0
DA:466,0
DA:470,0
DA:471,0
DA:474,0
DA:479,0
DA:480,0
DA:489,0
DA:493,0
DA:500,0
DA:507,0
DA:514,0
DA:515,0
DA:516,0
DA:518,0
DA:519,0
DA:521,0
LF:146
LH:0
BRDA:70,0,0,0
BRDA:70,0,1,0
BRDA:100,1,0,0
BRDA:100,1,1,0
BRDA:102,2,0,0
BRDA:102,2,1,0
BRDA:102,3,0,0
BRDA:102,3,1,0
BRDA:108,4,0,0
BRDA:108,4,1,0
BRDA:114,5,0,0
BRDA:114,5,1,0
BRDA:114,6,0,0
BRDA:114,6,1,0
BRDA:165,7,0,0
BRDA:165,7,1,0
BRDA:187,8,0,0
BRDA:187,8,1,0
BRDA:198,9,0,0
BRDA:198,9,1,0
BRDA:214,10,0,0
BRDA:214,10,1,0
BRDA:218,11,0,0
BRDA:218,11,1,0
BRDA:238,12,0,0
BRDA:238,12,1,0
BRDA:287,13,0,0
BRDA:287,13,1,0
BRDA:291,14,0,0
BRDA:291,14,1,0
BRDA:303,15,0,0
BRDA:303,15,1,0
BRDA:353,16,0,0
BRDA:353,16,1,0
BRDA:353,16,2,0
BRDA:353,16,3,0
BRDA:353,16,4,0
BRDA:353,16,5,0
BRDA:388,17,0,0
BRDA:388,17,1,0
BRDA:392,18,0,0
BRDA:392,18,1,0
BRDA:404,19,0,0
BRDA:404,19,1,0
BRDA:404,20,0,0
BRDA:404,20,1,0
BRDA:406,21,0,0
BRDA:406,21,1,0
BRDA:408,22,0,0
BRDA:408,22,1,0
BRDA:418,23,0,0
BRDA:418,23,1,0
BRDA:420,24,0,0
BRDA:420,24,1,0
BRDA:442,25,0,0
BRDA:443,26,0,0
BRDA:470,27,0,0
BRDA:470,27,1,0
BRDA:470,28,0,0
BRDA:470,28,1,0
BRDA:500,29,0,0
BRDA:500,29,1,0
BRDA:507,30,0,0
BRDA:507,30,1,0
BRDA:519,31,0,0
BRDA:519,31,1,0
BRF:66
BRH:0
end_of_record
TN:
SF:src/services/id-service.ts
FN:3,getNextId
FN:21,parseId
FNF:2
FNH:2
FNDA:7,getNextId
FNDA:8,parseId
DA:4,7
DA:5,7
DA:6,7
DA:7,9
DA:8,9
DA:9,9
DA:13,7
DA:14,7
DA:15,6
DA:17,7
DA:18,7
DA:22,8
DA:23,8
DA:24,4
LF:14
LH:14
BRDA:8,0,0,9
BRDA:8,0,1,0
BRDA:23,1,0,4
BRDA:23,1,1,4
BRF:4
BRH:3
end_of_record
TN:
SF:src/services/prompt-service.ts
FN:3,promptText
FN:7,promptSelect
FN:14,promptConfirm
FN:18,promptEditor
FN:22,promptSecret
FN:26,promptCheckbox
FN:33,promptMultiText
FN:39,(anonymous_7)
FNF:8
FNH:0
FNDA:0,promptText
FNDA:0,promptSelect
FNDA:0,promptConfirm
FNDA:0,promptEditor
FNDA:0,promptSecret
FNDA:0,promptCheckbox
FNDA:0,promptMultiText
FNDA:0,(anonymous_7)
DA:4,0
DA:11,0
DA:15,0
DA:19,0
DA:23,0
DA:30,0
DA:34,0
DA:37,0
DA:39,0
LF:9
LH:0
BRDA:14,0,0,0
BRDA:35,1,0,0
BRDA:35,1,1,0
BRF:3
BRH:0
end_of_record
TN:
SF:src/services/template-service.ts
FN:9,(anonymous_0)
FN:11,(anonymous_1)
FN:15,(anonymous_2)
FN:17,(anonymous_3)
FN:20,(anonymous_4)
FN:24,(anonymous_5)
FN:26,renderTemplate
FN:44,resolveTemplatePath
FNF:8
FNH:7
FNDA:2,(anonymous_0)
FNDA:1,(anonymous_1)
FNDA:1,(anonymous_2)
FNDA:2,(anonymous_3)
FNDA:1,(anonymous_4)
FNDA:0,(anonymous_5)
FNDA:9,renderTemplate
FNDA:9,resolveTemplatePath
DA:7,5
DA:9,5
DA:11,5
DA:12,1
DA:15,5
DA:16,1
DA:17,2
DA:20,5
DA:21,1
DA:24,5
DA:31,9
DA:32,9
DA:33,9
DA:34,8
DA:35,8
DA:36,8
DA:37,8
DA:39,1
DA:41,9
DA:45,9
DA:46,2
DA:47,2
DA:48,1
DA:51,8
LF:24
LH:24
BRDA:12,0,0,1
BRDA:12,0,1,0
BRDA:16,1,0,0
BRDA:16,1,1,1
BRDA:21,2,0,1
BRDA:21,2,1,0
BRDA:21,3,0,1
BRDA:21,3,1,0
BRDA:33,4,0,8
BRDA:33,4,1,1
BRDA:45,5,0,2
BRDA:45,5,1,7
BRDA:47,6,0,1
BRDA:47,6,1,1
BRF:14
BRH:10
end_of_record
TN:
SF:src/utils/constants.ts
FN:35,getTemplatesDir
FNF:1
FNH:1
FNDA:4,getTemplatesDir
DA:4,6
DA:5,6
DA:7,6
DA:9,6
DA:10,6
DA:12,6
DA:24,6
DA:36,4
LF:8
LH:8
BRF:0
BRH:0
end_of_record
TN:
SF:src/utils/error-context.ts
FN:40,extractErrorContext
FN:44,(anonymous_1)
FN:44,(anonymous_2)
FN:73,readMultilineInput
FN:76,(anonymous_4)
FN:86,(anonymous_5)
FN:100,(anonymous_6)
FNF:7
FNH:0
FNDA:0,extractErrorContext
FNDA:0,(anonymous_1)
FNDA:0,(anonymous_2)
FNDA:0,readMultilineInput
FNDA:0,(anonymous_4)
FNDA:0,(anonymous_5)
FNDA:0,(anonymous_6)
DA:9,0
DA:12,0
DA:15,0
DA:41,0
DA:42,0
DA:44,0
DA:46,0
DA:47,0
DA:48,0
DA:51,0
DA:52,0
DA:54,0
DA:55,0
DA:56,0
DA:58,0
DA:59,0
DA:60,0
DA:63,0
DA:74,0
DA:76,0
DA:77,0
DA:83,0
DA:84,0
DA:86,0
DA:87,0
DA:88,0
DA:89,0
DA:90,0
DA:91,0
DA:93,0
DA:95,0
DA:96,0
DA:100,0
DA:101,0
DA:102,0
LF:35
LH:0
BRDA:42,0,0,0
BRDA:42,0,1,0
BRDA:46,1,0,0
BRDA:46,1,1,0
BRDA:55,2,0,0
BRDA:55,2,1,0
BRDA:59,3,0,0
BRDA:59,3,1,0
BRDA:87,4,0,0
BRDA:87,4,1,0
BRDA:89,5,0,0
BRDA:89,5,1,0
BRDA:102,6,0,0
BRDA:102,6,1,0
BRF:14
BRH:0
end_of_record
TN:
SF:src/utils/fs.ts
FN:10,ensureDir
FN:14,writeFile
FN:19,readFile
FN:23,fileExists
FN:25,(anonymous_4)
FN:26,(anonymous_5)
FN:29,listFiles
FN:31,(anonymous_7)
FN:32,(anonymous_8)
FN:37,(anonymous_9)
FNF:10
FNH:10
FNDA:79,ensureDir
FNDA:74,writeFile
FNDA:35,readFile
FNDA:8,fileExists
FNDA:6,(anonymous_4)
FNDA:2,(anonymous_5)
FNDA:54,listFiles
FNDA:53,(anonymous_7)
FNDA:1,(anonymous_8)
FNDA:57,(anonymous_9)
DA:11,79
DA:15,74
DA:16,74
DA:20,35
DA:24,8
DA:25,6
DA:26,2
DA:30,54
DA:31,53
DA:32,1
DA:33,54
DA:35,53
DA:36,53
DA:37,57
DA:39,1
LF:15
LH:15
BRDA:33,0,0,1
BRDA:33,0,1,53
BRDA:36,1,0,52
BRDA:36,1,1,1
BRF:4
BRH:4
end_of_record
TN:
SF:src/utils/logger.ts
FN:9,(anonymous_0)
FN:11,(anonymous_1)
FN:24,formatUsage
FN:29,createSpinner
FN:33,(anonymous_4)
FN:43,(anonymous_5)
FN:46,(anonymous_6)
FN:50,(anonymous_7)
FN:58,setVerbose
FN:62,isVerbose
FN:67,(anonymous_10)
FN:70,(anonymous_11)
FN:73,(anonymous_12)
FN:76,(anonymous_13)
FN:79,(anonymous_14)
FN:82,(anonymous_15)
FN:85,(anonymous_16)
FN:101,(anonymous_17)
FN:105,(anonymous_18)
FN:109,(anonymous_19)
FN:113,(anonymous_20)
FN:117,(anonymous_21)
FN:122,(anonymous_22)
FN:127,(anonymous_23)
FN:132,(anonymous_24)
FN:134,(anonymous_25)
FN:138,(anonymous_26)
FN:140,(anonymous_27)
FN:144,(anonymous_28)
FN:149,(anonymous_29)
FNF:30
FNH:23
FNDA:28,(anonymous_0)
FNDA:1,(anonymous_1)
FNDA:5,formatUsage
FNDA:4,createSpinner
FNDA:4,(anonymous_4)
FNDA:1,(anonymous_5)
FNDA:3,(anonymous_6)
FNDA:1,(anonymous_7)
FNDA:49,setVerbose
FNDA:3,isVerbose
FNDA:1,(anonymous_10)
FNDA:1,(anonymous_11)
FNDA:1,(anonymous_12)
FNDA:1,(anonymous_13)
FNDA:1,(anonymous_14)
FNDA:1,(anonymous_15)
FNDA:23,(anonymous_16)
FNDA:1,(anonymous_17)
FNDA:1,(anonymous_18)
FNDA:4,(anonymous_19)
FNDA:1,(anonymous_20)
FNDA:0,(anonymous_21)
FNDA:2,(anonymous_22)
FNDA:0,(anonymous_23)
FNDA:0,(anonymous_24)
FNDA:0,(anonymous_25)
FNDA:0,(anonymous_26)
FNDA:0,(anonymous_27)
FNDA:0,(anonymous_28)
FNDA:9,(anonymous_29)
DA:9,28
DA:11,11
DA:13,11
DA:15,11
DA:25,5
DA:26,3
DA:30,4
DA:31,4
DA:33,4
DA:34,4
DA:35,4
DA:36,4
DA:39,4
DA:40,4
DA:42,4
DA:44,1
DA:47,3
DA:48,3
DA:51,1
DA:52,1
DA:53,1
DA:59,49
DA:63,3
DA:66,11
DA:68,1
DA:71,1
DA:74,1
DA:77,1
DA:80,1
DA:83,1
DA:86,23
DA:87,4
DA:88,4
DA:99,11
DA:102,1
DA:106,1
DA:110,4
DA:114,1
DA:118,0
DA:119,0
DA:123,2
DA:124,2
DA:128,0
DA:129,0
DA:133,0
DA:134,0
DA:135,0
DA:139,0
DA:140,0
DA:141,0
DA:145,0
DA:146,0
DA:150,9
DA:151,9
DA:152,9
DA:153,9
DA:154,9
DA:156,9
DA:161,9
LF:59
LH:47
BRDA:25,0,0,2
BRDA:25,0,1,3
BRDA:86,1,0,4
BRDA:86,1,1,19
BRDA:87,2,0,1
BRDA:87,2,1,3
BRDA:109,3,0,4
BRDA:109,4,0,4
BRDA:117,5,0,0
BRDA:122,6,0,2
BRDA:127,7,0,0
BRDA:132,8,0,0
BRDA:138,9,0,0
BRDA:140,10,0,0
BRDA:140,10,1,0
BRDA:144,11,0,0
BRDA:144,12,0,0
BRDA:149,13,0,9
BRDA:149,14,0,9
BRDA:150,15,0,9
BRDA:150,16,0,9
BRDA:156,17,0,3
BRDA:156,17,1,6
BRDA:158,18,0,4
BRDA:158,18,1,2
BRDA:161,19,0,1
BRDA:161,19,1,8
BRF:27
BRH:19
end_of_record
TN:
SF:src/utils/markdown.ts
FN:9,parseMarkdown
FN:16,toMarkdownWithFrontmatter
FNF:2
FNH:2
FNDA:12,parseMarkdown
FNDA:3,toMarkdownWithFrontmatter
DA:12,12
DA:13,12
DA:17,3
LF:3
LH:3
BRF:0
BRH:0
end_of_record
TN:
SF:src/utils/slugify.ts
FN:1,slugify
FNF:1
FNH:1
FNDA:6,slugify
DA:2,6
LF:1
LH:1
BRF:0
BRH:0
end_of_record
